{
  "numTotalTestSuites": 2,
  "numPassedTestSuites": 0,
  "numFailedTestSuites": 2,
  "numPendingTestSuites": 0,
  "numTotalTests": 8,
  "numPassedTests": 2,
  "numFailedTests": 6,
  "numPendingTests": 0,
  "numTodoTests": 0,
  "snapshot": {
    "added": 0,
    "failure": false,
    "filesAdded": 0,
    "filesRemoved": 0,
    "filesRemovedList": [],
    "filesUnmatched": 0,
    "filesUpdated": 0,
    "matched": 0,
    "total": 0,
    "unchecked": 0,
    "uncheckedKeysByFile": [],
    "unmatched": 0,
    "updated": 0,
    "didUpdate": false
  },
  "startTime": 1768252022448,
  "success": false,
  "testResults": [
    {
      "assertionResults": [
        {
          "ancestorTitles": ["CategoriesSection"],
          "fullName": "CategoriesSection displays exactly 7 target categories in correct order",
          "status": "failed",
          "title": "displays exactly 7 target categories in correct order",
          "duration": 1043.9663999999998,
          "failureMessages": [
            "Error: Found multiple elements with the text: ╨б╨┐╨╛╤А╤В╨╕╨▓╨╜╤Л╨╡ ╨╕╨│╤А╤Л\n\nHere are the matching elements:\n\nIgnored nodes: comments, script, style\n\u001b[36m<h3\u001b[39m\n  \u001b[33mclass\u001b[39m=\u001b[32m\"text-lg font-semibold text-text-primary text-center leading-tight\"\u001b[39m\n\u001b[36m>\u001b[39m\n  \u001b[0m╨б╨┐╨╛╤А╤В╨╕╨▓╨╜╤Л╨╡ ╨╕╨│╤А╤Л\u001b[0m\n\u001b[36m</h3>\u001b[39m\n\nIgnored nodes: comments, script, style\n\u001b[36m<h3\u001b[39m\n  \u001b[33mclass\u001b[39m=\u001b[32m\"text-base font-semibold text-text-primary text-center leading-tight\"\u001b[39m\n\u001b[36m>\u001b[39m\n  \u001b[0m╨б╨┐╨╛╤А╤В╨╕╨▓╨╜╤Л╨╡ ╨╕╨│╤А╤Л\u001b[0m\n\u001b[36m</h3>\u001b[39m\n\n(If this is intentional, then use the `*AllBy*` variant of the query (like `queryAllByText`, `getAllByText`, or `findAllByText`)).\n\nIgnored nodes: comments, script, style\n\u001b[36m<body>\u001b[39m\n  \u001b[36m<div>\u001b[39m\n    \u001b[36m<section\u001b[39m\n      \u001b[33maria-labelledby\u001b[39m=\u001b[32m\"categories-heading\"\u001b[39m\n      \u001b[33mclass\u001b[39m=\u001b[32m\"max-w-[1280px] mx-auto px-3 md:px-4 lg:px-6 mb-16\"\u001b[39m\n    \u001b[36m>\u001b[39m\n      \u001b[36m<h2\u001b[39m\n        \u001b[33mclass\u001b[39m=\u001b[32m\"text-3xl font-bold mb-8 text-text-primary\"\u001b[39m\n        \u001b[33mid\u001b[39m=\u001b[32m\"categories-heading\"\u001b[39m\n      \u001b[36m>\u001b[39m\n        \u001b[0m╨Я╨╛╨┐╤Г╨╗╤П╤А╨╜╤Л╨╡ ╨║╨░╤В╨╡╨│╨╛╤А╨╕╨╕\u001b[0m\n      \u001b[36m</h2>\u001b[39m\n      \u001b[36m<div\u001b[39m\n        \u001b[33mclass\u001b[39m=\u001b[32m\"hidden lg:block space-y-6\"\u001b[39m\n      \u001b[36m>\u001b[39m\n        \u001b[36m<div\u001b[39m\n          \u001b[33mclass\u001b[39m=\u001b[32m\"grid gap-6 grid-cols-3\"\u001b[39m\n          \u001b[33mrole\u001b[39m=\u001b[32m\"list\"\u001b[39m\n        \u001b[36m>\u001b[39m\n          \u001b[36m<div\u001b[39m\n            \u001b[33mrole\u001b[39m=\u001b[32m\"listitem\"\u001b[39m\n          \u001b[36m>\u001b[39m\n            \u001b[36m<a\u001b[39m\n              \u001b[33mclass\u001b[39m=\u001b[32m\"\n        block bg-white rounded-lg shadow-default hover:shadow-hover \n        transition-all duration-300 hover:scale-[1.02]\n        h-32 flex items-center justify-center p-4\n      \"\u001b[39m\n              \u001b[33mhref\u001b[39m=\u001b[32m\"/catalog/sportivnye-igry\"\u001b[39m\n            \u001b[36m>\u001b[39m\n              \u001b[36m<h3\u001b[39m\n                \u001b[33mclass\u001b[39m=\u001b[32m\"text-lg font-semibold text-text-primary text-center leading-tight\"\u001b[39m\n              \u001b[36m>\u001b[39m\n                \u001b[0m╨б╨┐╨╛╤А╤В╨╕╨▓╨╜╤Л╨╡ ╨╕╨│╤А╤Л\u001b[0m\n              \u001b[36m</h3>\u001b[39m\n            \u001b[36m</a>\u001b[39m\n          \u001b[36m</div>\u001b[39m\n          \u001b[36m<div\u001b[39m\n            \u001b[33mrole\u001b[39m=\u001b[32m\"listitem\"\u001b[39m\n          \u001b[36m>\u001b[39m\n            \u001b[36m<a\u001b[39m\n              \u001b[33mclass\u001b[39m=\u001b[32m\"\n        block bg-white rounded-lg shadow-default hover:shadow-hover \n        transition-all duration-300 hover:scale-[1.02]\n        h-32 flex items-center justify-center p-4\n      \"\u001b[39m\n              \u001b[33mhref\u001b[39m=\u001b[32m\"/catalog/fitnes-i-atletika\"\u001b[39m\n            \u001b[36m>\u001b[39m\n              \u001b[36m<h3\u001b[39m\n                \u001b[33mclass\u001b[39m=\u001b[32m\"text-lg font-semibold text-text-primary text-center leading-tight\"\u001b[39m\n              \u001b[36m>\u001b[39m\n                \u001b[0m╨д╨╕╤В╨╜╨╡╤Б ╨╕ ╨░╤В╨╗╨╡╤В╨╕╨║╨░\u001b[0m\n              \u001b[36m</h3>\u001b[39m\n            \u001b[36m</a>\u001b[39m\n          \u001b[36m</div>\u001b[39m\n          \u001b[36m<div\u001b[39m\n            \u001b[33mrole\u001b[39m=\u001b[32m\"listitem\"\u001b[39m\n          \u001b[36m>\u001b[39m\n            \u001b[36m<a\u001b[39m\n              \u001b[33mclass\u001b[39m=\u001b[32m\"\n        block bg-white rounded-lg shadow-default hover:shadow-hover \n        transition-all duration-300 hover:scale-[1.02]\n        h-32 flex items-center justify-center p-4\n      \"\u001b[39m\n              \u001b[33mhref\u001b[39m=\u001b[32m\"/catalog/gimnastika-i-tantsy\"\u001b[39m\n            \u001b[36m>\u001b[39m\n              \u001b[36m<h3\u001b[39m\n                \u001b[33mclass\u001b[39m=\u001b[32m\"text-lg font-semibold text-text-primary text-center leading-tight\"\u001b[39m\n              \u001b[36m>\u001b[39m\n                \u001b[0m╨У╨╕╨╝╨╜╨░╤Б╤В╨╕╨║╨░ ╨╕ ╤В╨░╨╜╤Ж╤Л\u001b[0m\n              \u001b[36m</h3>\u001b[39m\n            \u001b[36m</a>\u001b[39m\n          \u001b[36m</div>\u001b[39m\n        \u001b[36m</div>\u001b[39m\n        \u001b[36m<div\u001b[39m\n          \u001b[33mclass\u001b[39m=\u001b[32m\"grid gap-6 grid-cols-4\"\u001b[39m\n          \u001b[33mrole\u001b[39m=\u001b[32m\"list\"\u001b[39m\n        \u001b[36m>\u001b[39m\n          \u001b[36m<div\u001b[39m\n            \u001b[33mrole\u001b[39m=\u001b[32m\"listitem\"\u001b[39m\n          \u001b[36m>\u001b[39m\n            \u001b[36m<a\u001b[39m\n              \u001b[33mclass\u001b[39m=\u001b[32m\"\n        block bg-white rounded-lg shadow-default hover:shadow-hover \n        transition-all duration-300 hover:scale-[1.02]\n        h-28 flex items-center justify-center p-4\n      \"\u001b[39m\n              \u001b[33mhref\u001b[39m=\u001b[32m\"/catalog/plavanie\"\u001b[39m\n            \u001b[36m>\u001b[39m\n              \u001b[36m<h3\u001b[39m\n                \u001b[33mclass\u001b[39m=\u001b[32m\"text-lg font-semibold text-text-primary text-center leading-tight\"\u001b[39m\n              \u001b[36m>\u001b[39m\n                \u001b[0m╨Я╨╗╨░╨▓╨░╨╜╨╕╨╡\u001b[0m\n              \u001b[36m</h3>\u001b[39m\n            \u001b[36m</a>\u001b[39m\n          \u001b[36m</div>\u001b[39m\n          \u001b[36m<div\u001b[39m\n            \u001b[33mrole\u001b[39m=\u001b[32m\"listitem\"\u001b[39m\n          \u001b[36m>\u001b[39m\n            \u001b[36m<a\u001b[39m\n              \u001b[33mclass\u001b[39m=\u001b[32m\"\n        block bg-white rounded-lg shadow-default hover:shadow-hover \n        transition-all duration-300 hover:scale-[1.02]\n        h-28 flex items-center justify-center p-4\n      \"\u001b[39m\n              \u001b[33mhref\u001b[39m=\u001b[32m\"/catalog/edinoborstva\"\u001b[39m\n            \u001b[36m>\u001b[39m\n              \u001b[36m<h3\u001b[39m\n                \u001b[33mclass\u001b[39m=\u001b[32m\"text-lg font-semibold text-text-primary text-center leading-tight\"\u001b[39m\n              \u001b[36m>\u001b[39m\n                \u001b[0m╨Х╨┤╨╕╨╜╨╛╨▒╨╛╤А╤Б╤В╨▓╨░\u001b[0m\n              \u001b[36m</h3>\u001b[39m\n            \u001b[36m</a>\u001b[39m\n          \u001b[36m</div>\u001b[39m\n          \u001b[36m<div\u001b[39m\n            \u001b[33mrole\u001b[39m=\u001b[32m\"listitem\"\u001b[39m\n          \u001b[36m>\u001b[39m\n            \u001b[36m<a\u001b[39m\n              \u001b[33mclass\u001b[39m=\u001b[32m\"\n        block bg-white rounded-lg shadow-default hover:shadow-hover \n        transition-all duration-300 hover:scale-[1.02]\n        h-28 flex items-center justify-center p-4\n      \"\u001b[39m\n              \u001b[33mhref\u001b[39m=\u001b[32m\"/catalog/detskiy-transport\"\u001b[39m\n            \u001b[36m>\u001b[39m\n              \u001b[36m<h3\u001b[39m\n                \u001b[33mclass\u001b[39m=\u001b[32m\"text-lg font-semibold text-text-primary text-center leading-tight\"\u001b[39m\n              \u001b[36m>\u001b[39m\n                \u001b[0m╨Ф╨╡╤В╤Б╨║╨╕╨╣ ╤В╤А╨░╨╜╤Б╨┐╨╛╤А╤В\u001b[0m\n              \u001b[36m</h3>\u001b[39m\n            \u001b[36m</a>\u001b[39m\n          \u001b[36m</div>\u001b[39m\n          \u001b[36m<div\u001b[39m\n            \u001b[33mrole\u001b[39m=\u001b[32m\"listitem\"\u001b[39m\n          \u001b[36m>\u001b[39m\n            \u001b[36m<a\u001b[39m\n              \u001b[33mclass\u001b[39m=\u001b[32m\"\n        block bg-white rounded-lg shadow-default hover:shadow-hover \n        transition-all duration-300 hover:scale-[1.02]\n        h-28 flex items-center justify-center p-4\n      \"\u001b[39m\n              \u001b[33mhref\u001b[39m=\u001b[32m\"/catalog/oborudovanie\"\u001b[39m\n            \u001b[36m>\u001b[39m\n              \u001b[36m<h3\u001b[39m\n                \u001b[33mclass\u001b[39m=\u001b[32m\"text-lg font-semibold text-text-primary text-center leading-tight\"\u001b[39m\n              \u001b[36m>\u001b[39m\n                \u001b[0m╨Ю╨▒╨╛╤А╤Г╨┤╨╛╨▓╨░╨╜╨╕╨╡\u001b[0m\n              \u001b[36m</h3>\u001b[39m\n            \u001b[36m</a>\u001b[39m\n          \u001b[36m</div>\u001b[39m\n        \u001b[36m</div>\u001b[39m\n      \u001b[36m</div>\u001b[39m\n      \u001b[36m<div\u001b[39m\n        \u001b[33mclass\u001b[39m=\u001b[32m\"lg:hidden\"\u001b[39m\n      \u001b[36m>\u001b[39m\n        \u001b[36m<div\u001b[39m\n          \u001b[33mclass\u001b[39m=\u001b[32m\"flex gap-4 overflow-x-auto pb-4 -mx-3 px-3\"\u001b[39m\n          \u001b[33mrole\u001b[39m=\u001b[32m\"list\"\u001b[39m\n        \u001b[36m>\u001b[39m\n          \u001b[36m<a\u001b[39m\n            \u001b[33mclass\u001b[39m=\u001b[32m\"\n                    flex-shrink-0 w-[200px] h-24\n                    bg-white rounded-lg shadow-default hover:shadow-hover \n                    transition-all duration-300\n                    flex items-center justify-center p-4\n                  \"\u001b[39m\n            \u001b[33mhref\u001b[39m=\u001b[32m\"/catalog/sportivnye-igry\"\u001b[39m\n            \u001b[33mrole\u001b[39m=\u001b[32m\"listitem\"\u001b[39m\n          \u001b[36m>\u001b[39m\n            \u001b[36m<h3\u001b[39m\n              \u001b[33mclass\u001b[39m=\u001b[32m\"text-base font-semibold text-text-primary text-center leading-tight\"\u001b[39m\n            \u001b[36m>\u001b[39m\n              \u001b[0m╨б╨┐╨╛╤А╤В╨╕╨▓╨╜╤Л╨╡ ╨╕╨│╤А╤Л\u001b[0m\n            \u001b[36m</h3>\u001b[39m\n          \u001b[36m</a>\u001b[39m\n          \u001b[36m<a\u001b[39m\n            \u001b[33mclass\u001b[39m=\u001b[32m\"\n                    flex-shrink-0 w-[200px] h-24\n                    bg-white rounded-lg shadow-default hover:shadow-hover \n                    transition-all duration-300\n                    flex items-center justify-center p-4\n                  \"\u001b[39m\n            \u001b[33mhref\u001b[39m=\u001b[32m\"/catalog/fitnes-i-atletika\"\u001b[39m\n            \u001b[33mrole\u001b[39m=\u001b[32m\"listitem\"\u001b[39m\n          \u001b[36m>\u001b[39m\n            \u001b[36m<h3\u001b[39m\n              \u001b[33mclass\u001b[39m=\u001b[32m\"text-base font-semibold text-text-primary text-center leading-tight\"\u001b[39m\n            \u001b[36m>\u001b[39m\n              \u001b[0m╨д╨╕╤В╨╜╨╡╤Б ╨╕ ╨░╤В╨╗╨╡╤В╨╕╨║╨░\u001b[0m\n            \u001b[36m</h3>\u001b[39m\n          \u001b[36m</a>\u001b[39m\n          \u001b[36m<a\u001b[39m\n            \u001b[33mclass\u001b[39m=\u001b[32m\"\n                    flex-shrink-0 w-[200px] h-24\n                    bg-white rounded-lg shadow-default hover:shadow-hover \n                    transition-all duration-300\n                    flex items-center justify-center p-4\n                  \"\u001b[39m\n            \u001b[33mhref\u001b[39m=\u001b[32m\"/catalog/gimnastika-i-tantsy\"\u001b[39m\n            \u001b[33mrole\u001b[39m=\u001b[32m\"listitem\"\u001b[39m\n          \u001b[36m>\u001b[39m\n            \u001b[36m<h3\u001b[39m\n              \u001b[33mclass\u001b[39m=\u001b[32m\"text-base font-semibold text-text-primary text-center leading-tight\"\u001b[39m\n            \u001b[36m>\u001b[39m\n              \u001b[0m╨У╨╕╨╝╨╜╨░╤Б╤В╨╕╨║╨░ ╨╕ ╤В╨░╨╜╤Ж╤Л\u001b[0m\n            \u001b[36m</h3>\u001b[39m\n          \u001b[36m</a>\u001b[39m\n          \u001b[36m<a\u001b[39m\n            \u001b[33mclass\u001b[39m=\u001b[32m\"\n                    flex-shrink-0 w-[200px] h-24\n                    bg-white rounded-lg shadow-default hover:shadow-hover \n                    transition-all duration-300\n                    flex items-center justify-center p-4\n                  \"\u001b[39m\n            \u001b[33mhref\u001b[39m=\u001b[32m\"/catalog/plavanie\"\u001b[39m\n            \u001b[33mrole\u001b[39m=\u001b[32m\"listitem\"\u001b[39m\n          \u001b[36m>\u001b[39m\n            \u001b[36m<h3\u001b[39m\n              \u001b[33mclass\u001b[39m=\u001b[32m\"text-base font-semibold text-text-primary text-center leading-tight\"\u001b[39m\n            \u001b[36m>\u001b[39m\n              \u001b[0m╨Я╨╗╨░╨▓╨░╨╜╨╕╨╡\u001b[0m\n            \u001b[36m</h3>\u001b[39m\n          \u001b[36m</a>\u001b[39m\n          \u001b[36m<a\u001b[39m\n            \u001b[33mclass\u001b[39m=\u001b[32m\"\n                    flex-shrink-0 w-[200px] h-24\n                    bg-white rounded-lg shadow-default hover:shadow-hover \n                    transition-all duration-300\n                    flex items-center justify-center p-4\n                  \"\u001b[39m\n            \u001b[33mhref\u001b[39m=\u001b[32m\"/catalog/edinoborstva\"\u001b[39m\n            \u001b[33mrole\u001b[39m=\u001b[32m\"listitem\"\u001b[39m\n          \u001b[36m>\u001b[39m\n            \u001b[36m<h3\u001b[39m\n              \u001b[33mclass\u001b[39m=\u001b[32m\"text-base font-semibold text-text-primary text-center leading-tight\"\u001b[39m\n            \u001b[36m>\u001b[39m\n              \u001b[0m╨Х╨┤╨╕╨╜╨╛╨▒╨╛╤А╤Б╤В╨▓╨░\u001b[0m\n            \u001b[36m</h3>\u001b[39m\n          \u001b[36m</a>\u001b[39m\n          \u001b[36m<a\u001b[39m\n            \u001b[33mclass\u001b[39m=\u001b[32m\"\n                    flex-shrink-0 w-[200px] h-24\n                    bg-white rounded-lg shadow-default hover:shadow-hover \n                    transition-all duration-300\n                    flex items-center justify-center p-4\n                  \"\u001b[39m\n            \u001b[33mhref\u001b[39m=\u001b[32m\"/catalog/detskiy-transport\"\u001b[39m\n            \u001b[33mrole\u001b[39m=\u001b[32m\"listitem\"\u001b[39m\n          \u001b[36m>\u001b[39m\n            \u001b[36m<h3\u001b[39m\n              \u001b[33mclass\u001b[39m=\u001b[32m\"text-base font-semibold text-text-primary text-center leading-tight\"\u001b[39m\n            \u001b[36m>\u001b[39m\n              \u001b[0m╨Ф╨╡╤В╤Б╨║╨╕╨╣ ╤В╤А╨░╨╜╤Б╨┐╨╛╤А╤В\u001b[0m\n            \u001b[36m</h3>\u001b[39m\n          \u001b[36m</a>\u001b[39m\n          \u001b[36m<a\u001b[39m\n            \u001b[33mclass\u001b[39m=\u001b[32m\"\n                    flex-shrink-0 w-[200px] h-24\n                    bg-white rounded-lg shadow-default hover:shadow-hover \n                    transition-all duration-300\n                    flex items-center justify-center p-4\n                  \"\u001b[39m\n            \u001b[33mhref\u001b[39m=\u001b[32m\"/catalog/oborudovanie\"\u001b[39m\n            \u001b[33mrole\u001b[39m=\u001b[32m\"listitem\"\u001b[39m\n          \u001b[36m>\u001b[39m\n            \u001b[36m<h3\u001b[39m\n              \u001b[33mclass\u001b[39m=\u001b[32m\"text-base font-semibold text-text-primary text-center leading-tight\"\u001b[39m\n            \u001b[36m>\u001b[39m\n              \u001b[0m╨Ю╨▒╨╛╤А╤Г╨┤╨╛╨▓╨░╨╜╨╕╨╡\u001b[0m\n            \u001b[36m</h3>\u001b[39m\n          \u001b[36m</a>\u001b[39m\n        \u001b[36m</div>\u001b[39m\n      \u001b[36m</div>\u001b[39m\n    \u001b[36m</section>\u001b[39m\n  \u001b[36m</div>\u001b[39m\n\u001b[36m</body>\u001b[39m\n    at waitForWrapper (C:\\Users\\38670\\DEV_WEB\\FREESPORT\\frontend\\node_modules\\@testing-library\\dom\\dist\\wait-for.js:163:27)\n    at C:/Users/38670/DEV_WEB/FREESPORT/frontend/src/components/home/__tests__/CategoriesSection.test.tsx:48:11\n    at file:///C:/Users/38670/DEV_WEB/FREESPORT/frontend/node_modules/@vitest/runner/dist/index.js:145:11\n    at file:///C:/Users/38670/DEV_WEB/FREESPORT/frontend/node_modules/@vitest/runner/dist/index.js:915:26\n    at file:///C:/Users/38670/DEV_WEB/FREESPORT/frontend/node_modules/@vitest/runner/dist/index.js:1240:20\n    at new Promise (<anonymous>)\n    at runWithTimeout (file:///C:/Users/38670/DEV_WEB/FREESPORT/frontend/node_modules/@vitest/runner/dist/index.js:1206:10)\n    at file:///C:/Users/38670/DEV_WEB/FREESPORT/frontend/node_modules/@vitest/runner/dist/index.js:1650:37\n    at Traces.$ (file:///C:/Users/38670/DEV_WEB/FREESPORT/frontend/node_modules/vitest/dist/chunks/traces.U4xDYhzZ.js:115:27)\n    at trace (file:///C:/Users/38670/DEV_WEB/FREESPORT/frontend/node_modules/vitest/dist/chunks/test.BT8LKgU9.js:239:21)"
          ],
          "meta": {}
        },
        {
          "ancestorTitles": ["CategoriesSection"],
          "fullName": "CategoriesSection category links navigate to correct catalog URLs",
          "status": "failed",
          "title": "category links navigate to correct catalog URLs",
          "duration": 1011.8228999999997,
          "failureMessages": [
            "Error: Found multiple elements with the text: ╨б╨┐╨╛╤А╤В╨╕╨▓╨╜╤Л╨╡ ╨╕╨│╤А╤Л\n\nHere are the matching elements:\n\nIgnored nodes: comments, script, style\n\u001b[36m<h3\u001b[39m\n  \u001b[33mclass\u001b[39m=\u001b[32m\"text-lg font-semibold text-text-primary text-center leading-tight\"\u001b[39m\n\u001b[36m>\u001b[39m\n  \u001b[0m╨б╨┐╨╛╤А╤В╨╕╨▓╨╜╤Л╨╡ ╨╕╨│╤А╤Л\u001b[0m\n\u001b[36m</h3>\u001b[39m\n\nIgnored nodes: comments, script, style\n\u001b[36m<h3\u001b[39m\n  \u001b[33mclass\u001b[39m=\u001b[32m\"text-base font-semibold text-text-primary text-center leading-tight\"\u001b[39m\n\u001b[36m>\u001b[39m\n  \u001b[0m╨б╨┐╨╛╤А╤В╨╕╨▓╨╜╤Л╨╡ ╨╕╨│╤А╤Л\u001b[0m\n\u001b[36m</h3>\u001b[39m\n\n(If this is intentional, then use the `*AllBy*` variant of the query (like `queryAllByText`, `getAllByText`, or `findAllByText`)).\n\nIgnored nodes: comments, script, style\n\u001b[36m<body>\u001b[39m\n  \u001b[36m<div>\u001b[39m\n    \u001b[36m<section\u001b[39m\n      \u001b[33maria-labelledby\u001b[39m=\u001b[32m\"categories-heading\"\u001b[39m\n      \u001b[33mclass\u001b[39m=\u001b[32m\"max-w-[1280px] mx-auto px-3 md:px-4 lg:px-6 mb-16\"\u001b[39m\n    \u001b[36m>\u001b[39m\n      \u001b[36m<h2\u001b[39m\n        \u001b[33mclass\u001b[39m=\u001b[32m\"text-3xl font-bold mb-8 text-text-primary\"\u001b[39m\n        \u001b[33mid\u001b[39m=\u001b[32m\"categories-heading\"\u001b[39m\n      \u001b[36m>\u001b[39m\n        \u001b[0m╨Я╨╛╨┐╤Г╨╗╤П╤А╨╜╤Л╨╡ ╨║╨░╤В╨╡╨│╨╛╤А╨╕╨╕\u001b[0m\n      \u001b[36m</h2>\u001b[39m\n      \u001b[36m<div\u001b[39m\n        \u001b[33mclass\u001b[39m=\u001b[32m\"hidden lg:block space-y-6\"\u001b[39m\n      \u001b[36m>\u001b[39m\n        \u001b[36m<div\u001b[39m\n          \u001b[33mclass\u001b[39m=\u001b[32m\"grid gap-6 grid-cols-3\"\u001b[39m\n          \u001b[33mrole\u001b[39m=\u001b[32m\"list\"\u001b[39m\n        \u001b[36m>\u001b[39m\n          \u001b[36m<div\u001b[39m\n            \u001b[33mrole\u001b[39m=\u001b[32m\"listitem\"\u001b[39m\n          \u001b[36m>\u001b[39m\n            \u001b[36m<a\u001b[39m\n              \u001b[33mclass\u001b[39m=\u001b[32m\"\n        block bg-white rounded-lg shadow-default hover:shadow-hover \n        transition-all duration-300 hover:scale-[1.02]\n        h-32 flex items-center justify-center p-4\n      \"\u001b[39m\n              \u001b[33mhref\u001b[39m=\u001b[32m\"/catalog/sportivnye-igry\"\u001b[39m\n            \u001b[36m>\u001b[39m\n              \u001b[36m<h3\u001b[39m\n                \u001b[33mclass\u001b[39m=\u001b[32m\"text-lg font-semibold text-text-primary text-center leading-tight\"\u001b[39m\n              \u001b[36m>\u001b[39m\n                \u001b[0m╨б╨┐╨╛╤А╤В╨╕╨▓╨╜╤Л╨╡ ╨╕╨│╤А╤Л\u001b[0m\n              \u001b[36m</h3>\u001b[39m\n            \u001b[36m</a>\u001b[39m\n          \u001b[36m</div>\u001b[39m\n          \u001b[36m<div\u001b[39m\n            \u001b[33mrole\u001b[39m=\u001b[32m\"listitem\"\u001b[39m\n          \u001b[36m>\u001b[39m\n            \u001b[36m<a\u001b[39m\n              \u001b[33mclass\u001b[39m=\u001b[32m\"\n        block bg-white rounded-lg shadow-default hover:shadow-hover \n        transition-all duration-300 hover:scale-[1.02]\n        h-32 flex items-center justify-center p-4\n      \"\u001b[39m\n              \u001b[33mhref\u001b[39m=\u001b[32m\"/catalog/fitnes-i-atletika\"\u001b[39m\n            \u001b[36m>\u001b[39m\n              \u001b[36m<h3\u001b[39m\n                \u001b[33mclass\u001b[39m=\u001b[32m\"text-lg font-semibold text-text-primary text-center leading-tight\"\u001b[39m\n              \u001b[36m>\u001b[39m\n                \u001b[0m╨д╨╕╤В╨╜╨╡╤Б ╨╕ ╨░╤В╨╗╨╡╤В╨╕╨║╨░\u001b[0m\n              \u001b[36m</h3>\u001b[39m\n            \u001b[36m</a>\u001b[39m\n          \u001b[36m</div>\u001b[39m\n          \u001b[36m<div\u001b[39m\n            \u001b[33mrole\u001b[39m=\u001b[32m\"listitem\"\u001b[39m\n          \u001b[36m>\u001b[39m\n            \u001b[36m<a\u001b[39m\n              \u001b[33mclass\u001b[39m=\u001b[32m\"\n        block bg-white rounded-lg shadow-default hover:shadow-hover \n        transition-all duration-300 hover:scale-[1.02]\n        h-32 flex items-center justify-center p-4\n      \"\u001b[39m\n              \u001b[33mhref\u001b[39m=\u001b[32m\"/catalog/gimnastika-i-tantsy\"\u001b[39m\n            \u001b[36m>\u001b[39m\n              \u001b[36m<h3\u001b[39m\n                \u001b[33mclass\u001b[39m=\u001b[32m\"text-lg font-semibold text-text-primary text-center leading-tight\"\u001b[39m\n              \u001b[36m>\u001b[39m\n                \u001b[0m╨У╨╕╨╝╨╜╨░╤Б╤В╨╕╨║╨░ ╨╕ ╤В╨░╨╜╤Ж╤Л\u001b[0m\n              \u001b[36m</h3>\u001b[39m\n            \u001b[36m</a>\u001b[39m\n          \u001b[36m</div>\u001b[39m\n        \u001b[36m</div>\u001b[39m\n        \u001b[36m<div\u001b[39m\n          \u001b[33mclass\u001b[39m=\u001b[32m\"grid gap-6 grid-cols-4\"\u001b[39m\n          \u001b[33mrole\u001b[39m=\u001b[32m\"list\"\u001b[39m\n        \u001b[36m>\u001b[39m\n          \u001b[36m<div\u001b[39m\n            \u001b[33mrole\u001b[39m=\u001b[32m\"listitem\"\u001b[39m\n          \u001b[36m>\u001b[39m\n            \u001b[36m<a\u001b[39m\n              \u001b[33mclass\u001b[39m=\u001b[32m\"\n        block bg-white rounded-lg shadow-default hover:shadow-hover \n        transition-all duration-300 hover:scale-[1.02]\n        h-28 flex items-center justify-center p-4\n      \"\u001b[39m\n              \u001b[33mhref\u001b[39m=\u001b[32m\"/catalog/plavanie\"\u001b[39m\n            \u001b[36m>\u001b[39m\n              \u001b[36m<h3\u001b[39m\n                \u001b[33mclass\u001b[39m=\u001b[32m\"text-lg font-semibold text-text-primary text-center leading-tight\"\u001b[39m\n              \u001b[36m>\u001b[39m\n                \u001b[0m╨Я╨╗╨░╨▓╨░╨╜╨╕╨╡\u001b[0m\n              \u001b[36m</h3>\u001b[39m\n            \u001b[36m</a>\u001b[39m\n          \u001b[36m</div>\u001b[39m\n          \u001b[36m<div\u001b[39m\n            \u001b[33mrole\u001b[39m=\u001b[32m\"listitem\"\u001b[39m\n          \u001b[36m>\u001b[39m\n            \u001b[36m<a\u001b[39m\n              \u001b[33mclass\u001b[39m=\u001b[32m\"\n        block bg-white rounded-lg shadow-default hover:shadow-hover \n        transition-all duration-300 hover:scale-[1.02]\n        h-28 flex items-center justify-center p-4\n      \"\u001b[39m\n              \u001b[33mhref\u001b[39m=\u001b[32m\"/catalog/edinoborstva\"\u001b[39m\n            \u001b[36m>\u001b[39m\n              \u001b[36m<h3\u001b[39m\n                \u001b[33mclass\u001b[39m=\u001b[32m\"text-lg font-semibold text-text-primary text-center leading-tight\"\u001b[39m\n              \u001b[36m>\u001b[39m\n                \u001b[0m╨Х╨┤╨╕╨╜╨╛╨▒╨╛╤А╤Б╤В╨▓╨░\u001b[0m\n              \u001b[36m</h3>\u001b[39m\n            \u001b[36m</a>\u001b[39m\n          \u001b[36m</div>\u001b[39m\n          \u001b[36m<div\u001b[39m\n            \u001b[33mrole\u001b[39m=\u001b[32m\"listitem\"\u001b[39m\n          \u001b[36m>\u001b[39m\n            \u001b[36m<a\u001b[39m\n              \u001b[33mclass\u001b[39m=\u001b[32m\"\n        block bg-white rounded-lg shadow-default hover:shadow-hover \n        transition-all duration-300 hover:scale-[1.02]\n        h-28 flex items-center justify-center p-4\n      \"\u001b[39m\n              \u001b[33mhref\u001b[39m=\u001b[32m\"/catalog/detskiy-transport\"\u001b[39m\n            \u001b[36m>\u001b[39m\n              \u001b[36m<h3\u001b[39m\n                \u001b[33mclass\u001b[39m=\u001b[32m\"text-lg font-semibold text-text-primary text-center leading-tight\"\u001b[39m\n              \u001b[36m>\u001b[39m\n                \u001b[0m╨Ф╨╡╤В╤Б╨║╨╕╨╣ ╤В╤А╨░╨╜╤Б╨┐╨╛╤А╤В\u001b[0m\n              \u001b[36m</h3>\u001b[39m\n            \u001b[36m</a>\u001b[39m\n          \u001b[36m</div>\u001b[39m\n          \u001b[36m<div\u001b[39m\n            \u001b[33mrole\u001b[39m=\u001b[32m\"listitem\"\u001b[39m\n          \u001b[36m>\u001b[39m\n            \u001b[36m<a\u001b[39m\n              \u001b[33mclass\u001b[39m=\u001b[32m\"\n        block bg-white rounded-lg shadow-default hover:shadow-hover \n        transition-all duration-300 hover:scale-[1.02]\n        h-28 flex items-center justify-center p-4\n      \"\u001b[39m\n              \u001b[33mhref\u001b[39m=\u001b[32m\"/catalog/oborudovanie\"\u001b[39m\n            \u001b[36m>\u001b[39m\n              \u001b[36m<h3\u001b[39m\n                \u001b[33mclass\u001b[39m=\u001b[32m\"text-lg font-semibold text-text-primary text-center leading-tight\"\u001b[39m\n              \u001b[36m>\u001b[39m\n                \u001b[0m╨Ю╨▒╨╛╤А╤Г╨┤╨╛╨▓╨░╨╜╨╕╨╡\u001b[0m\n              \u001b[36m</h3>\u001b[39m\n            \u001b[36m</a>\u001b[39m\n          \u001b[36m</div>\u001b[39m\n        \u001b[36m</div>\u001b[39m\n      \u001b[36m</div>\u001b[39m\n      \u001b[36m<div\u001b[39m\n        \u001b[33mclass\u001b[39m=\u001b[32m\"lg:hidden\"\u001b[39m\n      \u001b[36m>\u001b[39m\n        \u001b[36m<div\u001b[39m\n          \u001b[33mclass\u001b[39m=\u001b[32m\"flex gap-4 overflow-x-auto pb-4 -mx-3 px-3\"\u001b[39m\n          \u001b[33mrole\u001b[39m=\u001b[32m\"list\"\u001b[39m\n        \u001b[36m>\u001b[39m\n          \u001b[36m<a\u001b[39m\n            \u001b[33mclass\u001b[39m=\u001b[32m\"\n                    flex-shrink-0 w-[200px] h-24\n                    bg-white rounded-lg shadow-default hover:shadow-hover \n                    transition-all duration-300\n                    flex items-center justify-center p-4\n                  \"\u001b[39m\n            \u001b[33mhref\u001b[39m=\u001b[32m\"/catalog/sportivnye-igry\"\u001b[39m\n            \u001b[33mrole\u001b[39m=\u001b[32m\"listitem\"\u001b[39m\n          \u001b[36m>\u001b[39m\n            \u001b[36m<h3\u001b[39m\n              \u001b[33mclass\u001b[39m=\u001b[32m\"text-base font-semibold text-text-primary text-center leading-tight\"\u001b[39m\n            \u001b[36m>\u001b[39m\n              \u001b[0m╨б╨┐╨╛╤А╤В╨╕╨▓╨╜╤Л╨╡ ╨╕╨│╤А╤Л\u001b[0m\n            \u001b[36m</h3>\u001b[39m\n          \u001b[36m</a>\u001b[39m\n          \u001b[36m<a\u001b[39m\n            \u001b[33mclass\u001b[39m=\u001b[32m\"\n                    flex-shrink-0 w-[200px] h-24\n                    bg-white rounded-lg shadow-default hover:shadow-hover \n                    transition-all duration-300\n                    flex items-center justify-center p-4\n                  \"\u001b[39m\n            \u001b[33mhref\u001b[39m=\u001b[32m\"/catalog/fitnes-i-atletika\"\u001b[39m\n            \u001b[33mrole\u001b[39m=\u001b[32m\"listitem\"\u001b[39m\n          \u001b[36m>\u001b[39m\n            \u001b[36m<h3\u001b[39m\n              \u001b[33mclass\u001b[39m=\u001b[32m\"text-base font-semibold text-text-primary text-center leading-tight\"\u001b[39m\n            \u001b[36m>\u001b[39m\n              \u001b[0m╨д╨╕╤В╨╜╨╡╤Б ╨╕ ╨░╤В╨╗╨╡╤В╨╕╨║╨░\u001b[0m\n            \u001b[36m</h3>\u001b[39m\n          \u001b[36m</a>\u001b[39m\n          \u001b[36m<a\u001b[39m\n            \u001b[33mclass\u001b[39m=\u001b[32m\"\n                    flex-shrink-0 w-[200px] h-24\n                    bg-white rounded-lg shadow-default hover:shadow-hover \n                    transition-all duration-300\n                    flex items-center justify-center p-4\n                  \"\u001b[39m\n            \u001b[33mhref\u001b[39m=\u001b[32m\"/catalog/gimnastika-i-tantsy\"\u001b[39m\n            \u001b[33mrole\u001b[39m=\u001b[32m\"listitem\"\u001b[39m\n          \u001b[36m>\u001b[39m\n            \u001b[36m<h3\u001b[39m\n              \u001b[33mclass\u001b[39m=\u001b[32m\"text-base font-semibold text-text-primary text-center leading-tight\"\u001b[39m\n            \u001b[36m>\u001b[39m\n              \u001b[0m╨У╨╕╨╝╨╜╨░╤Б╤В╨╕╨║╨░ ╨╕ ╤В╨░╨╜╤Ж╤Л\u001b[0m\n            \u001b[36m</h3>\u001b[39m\n          \u001b[36m</a>\u001b[39m\n          \u001b[36m<a\u001b[39m\n            \u001b[33mclass\u001b[39m=\u001b[32m\"\n                    flex-shrink-0 w-[200px] h-24\n                    bg-white rounded-lg shadow-default hover:shadow-hover \n                    transition-all duration-300\n                    flex items-center justify-center p-4\n                  \"\u001b[39m\n            \u001b[33mhref\u001b[39m=\u001b[32m\"/catalog/plavanie\"\u001b[39m\n            \u001b[33mrole\u001b[39m=\u001b[32m\"listitem\"\u001b[39m\n          \u001b[36m>\u001b[39m\n            \u001b[36m<h3\u001b[39m\n              \u001b[33mclass\u001b[39m=\u001b[32m\"text-base font-semibold text-text-primary text-center leading-tight\"\u001b[39m\n            \u001b[36m>\u001b[39m\n              \u001b[0m╨Я╨╗╨░╨▓╨░╨╜╨╕╨╡\u001b[0m\n            \u001b[36m</h3>\u001b[39m\n          \u001b[36m</a>\u001b[39m\n          \u001b[36m<a\u001b[39m\n            \u001b[33mclass\u001b[39m=\u001b[32m\"\n                    flex-shrink-0 w-[200px] h-24\n                    bg-white rounded-lg shadow-default hover:shadow-hover \n                    transition-all duration-300\n                    flex items-center justify-center p-4\n                  \"\u001b[39m\n            \u001b[33mhref\u001b[39m=\u001b[32m\"/catalog/edinoborstva\"\u001b[39m\n            \u001b[33mrole\u001b[39m=\u001b[32m\"listitem\"\u001b[39m\n          \u001b[36m>\u001b[39m\n            \u001b[36m<h3\u001b[39m\n              \u001b[33mclass\u001b[39m=\u001b[32m\"text-base font-semibold text-text-primary text-center leading-tight\"\u001b[39m\n            \u001b[36m>\u001b[39m\n              \u001b[0m╨Х╨┤╨╕╨╜╨╛╨▒╨╛╤А╤Б╤В╨▓╨░\u001b[0m\n            \u001b[36m</h3>\u001b[39m\n          \u001b[36m</a>\u001b[39m\n          \u001b[36m<a\u001b[39m\n            \u001b[33mclass\u001b[39m=\u001b[32m\"\n                    flex-shrink-0 w-[200px] h-24\n                    bg-white rounded-lg shadow-default hover:shadow-hover \n                    transition-all duration-300\n                    flex items-center justify-center p-4\n                  \"\u001b[39m\n            \u001b[33mhref\u001b[39m=\u001b[32m\"/catalog/detskiy-transport\"\u001b[39m\n            \u001b[33mrole\u001b[39m=\u001b[32m\"listitem\"\u001b[39m\n          \u001b[36m>\u001b[39m\n            \u001b[36m<h3\u001b[39m\n              \u001b[33mclass\u001b[39m=\u001b[32m\"text-base font-semibold text-text-primary text-center leading-tight\"\u001b[39m\n            \u001b[36m>\u001b[39m\n              \u001b[0m╨Ф╨╡╤В╤Б╨║╨╕╨╣ ╤В╤А╨░╨╜╤Б╨┐╨╛╤А╤В\u001b[0m\n            \u001b[36m</h3>\u001b[39m\n          \u001b[36m</a>\u001b[39m\n          \u001b[36m<a\u001b[39m\n            \u001b[33mclass\u001b[39m=\u001b[32m\"\n                    flex-shrink-0 w-[200px] h-24\n                    bg-white rounded-lg shadow-default hover:shadow-hover \n                    transition-all duration-300\n                    flex items-center justify-center p-4\n                  \"\u001b[39m\n            \u001b[33mhref\u001b[39m=\u001b[32m\"/catalog/oborudovanie\"\u001b[39m\n            \u001b[33mrole\u001b[39m=\u001b[32m\"listitem\"\u001b[39m\n          \u001b[36m>\u001b[39m\n            \u001b[36m<h3\u001b[39m\n              \u001b[33mclass\u001b[39m=\u001b[32m\"text-base font-semibold text-text-primary text-center leading-tight\"\u001b[39m\n            \u001b[36m>\u001b[39m\n              \u001b[0m╨Ю╨▒╨╛╤А╤Г╨┤╨╛╨▓╨░╨╜╨╕╨╡\u001b[0m\n            \u001b[36m</h3>\u001b[39m\n          \u001b[36m</a>\u001b[39m\n        \u001b[36m</div>\u001b[39m\n      \u001b[36m</div>\u001b[39m\n    \u001b[36m</section>\u001b[39m\n  \u001b[36m</div>\u001b[39m\n\u001b[36m</body>\u001b[39m\n    at waitForWrapper (C:\\Users\\38670\\DEV_WEB\\FREESPORT\\frontend\\node_modules\\@testing-library\\dom\\dist\\wait-for.js:163:27)\n    at C:/Users/38670/DEV_WEB/FREESPORT/frontend/src/components/home/__tests__/CategoriesSection.test.tsx:70:11\n    at file:///C:/Users/38670/DEV_WEB/FREESPORT/frontend/node_modules/@vitest/runner/dist/index.js:145:11\n    at file:///C:/Users/38670/DEV_WEB/FREESPORT/frontend/node_modules/@vitest/runner/dist/index.js:915:26\n    at file:///C:/Users/38670/DEV_WEB/FREESPORT/frontend/node_modules/@vitest/runner/dist/index.js:1240:20\n    at new Promise (<anonymous>)\n    at runWithTimeout (file:///C:/Users/38670/DEV_WEB/FREESPORT/frontend/node_modules/@vitest/runner/dist/index.js:1206:10)\n    at file:///C:/Users/38670/DEV_WEB/FREESPORT/frontend/node_modules/@vitest/runner/dist/index.js:1650:37\n    at Traces.$ (file:///C:/Users/38670/DEV_WEB/FREESPORT/frontend/node_modules/vitest/dist/chunks/traces.U4xDYhzZ.js:115:27)\n    at trace (file:///C:/Users/38670/DEV_WEB/FREESPORT/frontend/node_modules/vitest/dist/chunks/test.BT8LKgU9.js:239:21)"
          ],
          "meta": {}
        },
        {
          "ancestorTitles": ["CategoriesSection"],
          "fullName": "CategoriesSection shows error state on API failure and allows retry",
          "status": "failed",
          "title": "shows error state on API failure and allows retry",
          "duration": 10154.498899999999,
          "failureMessages": [
            "Error: Found multiple elements with the text: ╨б╨┐╨╛╤А╤В╨╕╨▓╨╜╤Л╨╡ ╨╕╨│╤А╤Л\n\nHere are the matching elements:\n\nIgnored nodes: comments, script, style\n\u001b[36m<h3\u001b[39m\n  \u001b[33mclass\u001b[39m=\u001b[32m\"text-lg font-semibold text-text-primary text-center leading-tight\"\u001b[39m\n\u001b[36m>\u001b[39m\n  \u001b[0m╨б╨┐╨╛╤А╤В╨╕╨▓╨╜╤Л╨╡ ╨╕╨│╤А╤Л\u001b[0m\n\u001b[36m</h3>\u001b[39m\n\nIgnored nodes: comments, script, style\n\u001b[36m<h3\u001b[39m\n  \u001b[33mclass\u001b[39m=\u001b[32m\"text-base font-semibold text-text-primary text-center leading-tight\"\u001b[39m\n\u001b[36m>\u001b[39m\n  \u001b[0m╨б╨┐╨╛╤А╤В╨╕╨▓╨╜╤Л╨╡ ╨╕╨│╤А╤Л\u001b[0m\n\u001b[36m</h3>\u001b[39m\n\n(If this is intentional, then use the `*AllBy*` variant of the query (like `queryAllByText`, `getAllByText`, or `findAllByText`)).\n\nIgnored nodes: comments, script, style\n\u001b[36m<body>\u001b[39m\n  \u001b[36m<div>\u001b[39m\n    \u001b[36m<section\u001b[39m\n      \u001b[33maria-labelledby\u001b[39m=\u001b[32m\"categories-heading\"\u001b[39m\n      \u001b[33mclass\u001b[39m=\u001b[32m\"max-w-[1280px] mx-auto px-3 md:px-4 lg:px-6 mb-16\"\u001b[39m\n    \u001b[36m>\u001b[39m\n      \u001b[36m<h2\u001b[39m\n        \u001b[33mclass\u001b[39m=\u001b[32m\"text-3xl font-bold mb-8 text-text-primary\"\u001b[39m\n        \u001b[33mid\u001b[39m=\u001b[32m\"categories-heading\"\u001b[39m\n      \u001b[36m>\u001b[39m\n        \u001b[0m╨Я╨╛╨┐╤Г╨╗╤П╤А╨╜╤Л╨╡ ╨║╨░╤В╨╡╨│╨╛╤А╨╕╨╕\u001b[0m\n      \u001b[36m</h2>\u001b[39m\n      \u001b[36m<div\u001b[39m\n        \u001b[33mclass\u001b[39m=\u001b[32m\"hidden lg:block space-y-6\"\u001b[39m\n      \u001b[36m>\u001b[39m\n        \u001b[36m<div\u001b[39m\n          \u001b[33mclass\u001b[39m=\u001b[32m\"grid gap-6 grid-cols-3\"\u001b[39m\n          \u001b[33mrole\u001b[39m=\u001b[32m\"list\"\u001b[39m\n        \u001b[36m>\u001b[39m\n          \u001b[36m<div\u001b[39m\n            \u001b[33mrole\u001b[39m=\u001b[32m\"listitem\"\u001b[39m\n          \u001b[36m>\u001b[39m\n            \u001b[36m<a\u001b[39m\n              \u001b[33mclass\u001b[39m=\u001b[32m\"\n        block bg-white rounded-lg shadow-default hover:shadow-hover \n        transition-all duration-300 hover:scale-[1.02]\n        h-32 flex items-center justify-center p-4\n      \"\u001b[39m\n              \u001b[33mhref\u001b[39m=\u001b[32m\"/catalog/sportivnye-igry\"\u001b[39m\n            \u001b[36m>\u001b[39m\n              \u001b[36m<h3\u001b[39m\n                \u001b[33mclass\u001b[39m=\u001b[32m\"text-lg font-semibold text-text-primary text-center leading-tight\"\u001b[39m\n              \u001b[36m>\u001b[39m\n                \u001b[0m╨б╨┐╨╛╤А╤В╨╕╨▓╨╜╤Л╨╡ ╨╕╨│╤А╤Л\u001b[0m\n              \u001b[36m</h3>\u001b[39m\n            \u001b[36m</a>\u001b[39m\n          \u001b[36m</div>\u001b[39m\n          \u001b[36m<div\u001b[39m\n            \u001b[33mrole\u001b[39m=\u001b[32m\"listitem\"\u001b[39m\n          \u001b[36m>\u001b[39m\n            \u001b[36m<a\u001b[39m\n              \u001b[33mclass\u001b[39m=\u001b[32m\"\n        block bg-white rounded-lg shadow-default hover:shadow-hover \n        transition-all duration-300 hover:scale-[1.02]\n        h-32 flex items-center justify-center p-4\n      \"\u001b[39m\n              \u001b[33mhref\u001b[39m=\u001b[32m\"/catalog/fitnes-i-atletika\"\u001b[39m\n            \u001b[36m>\u001b[39m\n              \u001b[36m<h3\u001b[39m\n                \u001b[33mclass\u001b[39m=\u001b[32m\"text-lg font-semibold text-text-primary text-center leading-tight\"\u001b[39m\n              \u001b[36m>\u001b[39m\n                \u001b[0m╨д╨╕╤В╨╜╨╡╤Б ╨╕ ╨░╤В╨╗╨╡╤В╨╕╨║╨░\u001b[0m\n              \u001b[36m</h3>\u001b[39m\n            \u001b[36m</a>\u001b[39m\n          \u001b[36m</div>\u001b[39m\n          \u001b[36m<div\u001b[39m\n            \u001b[33mrole\u001b[39m=\u001b[32m\"listitem\"\u001b[39m\n          \u001b[36m>\u001b[39m\n            \u001b[36m<a\u001b[39m\n              \u001b[33mclass\u001b[39m=\u001b[32m\"\n        block bg-white rounded-lg shadow-default hover:shadow-hover \n        transition-all duration-300 hover:scale-[1.02]\n        h-32 flex items-center justify-center p-4\n      \"\u001b[39m\n              \u001b[33mhref\u001b[39m=\u001b[32m\"/catalog/gimnastika-i-tantsy\"\u001b[39m\n            \u001b[36m>\u001b[39m\n              \u001b[36m<h3\u001b[39m\n                \u001b[33mclass\u001b[39m=\u001b[32m\"text-lg font-semibold text-text-primary text-center leading-tight\"\u001b[39m\n              \u001b[36m>\u001b[39m\n                \u001b[0m╨У╨╕╨╝╨╜╨░╤Б╤В╨╕╨║╨░ ╨╕ ╤В╨░╨╜╤Ж╤Л\u001b[0m\n              \u001b[36m</h3>\u001b[39m\n            \u001b[36m</a>\u001b[39m\n          \u001b[36m</div>\u001b[39m\n        \u001b[36m</div>\u001b[39m\n        \u001b[36m<div\u001b[39m\n          \u001b[33mclass\u001b[39m=\u001b[32m\"grid gap-6 grid-cols-4\"\u001b[39m\n          \u001b[33mrole\u001b[39m=\u001b[32m\"list\"\u001b[39m\n        \u001b[36m>\u001b[39m\n          \u001b[36m<div\u001b[39m\n            \u001b[33mrole\u001b[39m=\u001b[32m\"listitem\"\u001b[39m\n          \u001b[36m>\u001b[39m\n            \u001b[36m<a\u001b[39m\n              \u001b[33mclass\u001b[39m=\u001b[32m\"\n        block bg-white rounded-lg shadow-default hover:shadow-hover \n        transition-all duration-300 hover:scale-[1.02]\n        h-28 flex items-center justify-center p-4\n      \"\u001b[39m\n              \u001b[33mhref\u001b[39m=\u001b[32m\"/catalog/plavanie\"\u001b[39m\n            \u001b[36m>\u001b[39m\n              \u001b[36m<h3\u001b[39m\n                \u001b[33mclass\u001b[39m=\u001b[32m\"text-lg font-semibold text-text-primary text-center leading-tight\"\u001b[39m\n              \u001b[36m>\u001b[39m\n                \u001b[0m╨Я╨╗╨░╨▓╨░╨╜╨╕╨╡\u001b[0m\n              \u001b[36m</h3>\u001b[39m\n            \u001b[36m</a>\u001b[39m\n          \u001b[36m</div>\u001b[39m\n          \u001b[36m<div\u001b[39m\n            \u001b[33mrole\u001b[39m=\u001b[32m\"listitem\"\u001b[39m\n          \u001b[36m>\u001b[39m\n            \u001b[36m<a\u001b[39m\n              \u001b[33mclass\u001b[39m=\u001b[32m\"\n        block bg-white rounded-lg shadow-default hover:shadow-hover \n        transition-all duration-300 hover:scale-[1.02]\n        h-28 flex items-center justify-center p-4\n      \"\u001b[39m\n              \u001b[33mhref\u001b[39m=\u001b[32m\"/catalog/edinoborstva\"\u001b[39m\n            \u001b[36m>\u001b[39m\n              \u001b[36m<h3\u001b[39m\n                \u001b[33mclass\u001b[39m=\u001b[32m\"text-lg font-semibold text-text-primary text-center leading-tight\"\u001b[39m\n              \u001b[36m>\u001b[39m\n                \u001b[0m╨Х╨┤╨╕╨╜╨╛╨▒╨╛╤А╤Б╤В╨▓╨░\u001b[0m\n              \u001b[36m</h3>\u001b[39m\n            \u001b[36m</a>\u001b[39m\n          \u001b[36m</div>\u001b[39m\n          \u001b[36m<div\u001b[39m\n            \u001b[33mrole\u001b[39m=\u001b[32m\"listitem\"\u001b[39m\n          \u001b[36m>\u001b[39m\n            \u001b[36m<a\u001b[39m\n              \u001b[33mclass\u001b[39m=\u001b[32m\"\n        block bg-white rounded-lg shadow-default hover:shadow-hover \n        transition-all duration-300 hover:scale-[1.02]\n        h-28 flex items-center justify-center p-4\n      \"\u001b[39m\n              \u001b[33mhref\u001b[39m=\u001b[32m\"/catalog/detskiy-transport\"\u001b[39m\n            \u001b[36m>\u001b[39m\n              \u001b[36m<h3\u001b[39m\n                \u001b[33mclass\u001b[39m=\u001b[32m\"text-lg font-semibold text-text-primary text-center leading-tight\"\u001b[39m\n              \u001b[36m>\u001b[39m\n                \u001b[0m╨Ф╨╡╤В╤Б╨║╨╕╨╣ ╤В╤А╨░╨╜╤Б╨┐╨╛╤А╤В\u001b[0m\n              \u001b[36m</h3>\u001b[39m\n            \u001b[36m</a>\u001b[39m\n          \u001b[36m</div>\u001b[39m\n          \u001b[36m<div\u001b[39m\n            \u001b[33mrole\u001b[39m=\u001b[32m\"listitem\"\u001b[39m\n          \u001b[36m>\u001b[39m\n            \u001b[36m<a\u001b[39m\n              \u001b[33mclass\u001b[39m=\u001b[32m\"\n        block bg-white rounded-lg shadow-default hover:shadow-hover \n        transition-all duration-300 hover:scale-[1.02]\n        h-28 flex items-center justify-center p-4\n      \"\u001b[39m\n              \u001b[33mhref\u001b[39m=\u001b[32m\"/catalog/oborudovanie\"\u001b[39m\n            \u001b[36m>\u001b[39m\n              \u001b[36m<h3\u001b[39m\n                \u001b[33mclass\u001b[39m=\u001b[32m\"text-lg font-semibold text-text-primary text-center leading-tight\"\u001b[39m\n              \u001b[36m>\u001b[39m\n                \u001b[0m╨Ю╨▒╨╛╤А╤Г╨┤╨╛╨▓╨░╨╜╨╕╨╡\u001b[0m\n              \u001b[36m</h3>\u001b[39m\n            \u001b[36m</a>\u001b[39m\n          \u001b[36m</div>\u001b[39m\n        \u001b[36m</div>\u001b[39m\n      \u001b[36m</div>\u001b[39m\n      \u001b[36m<div\u001b[39m\n        \u001b[33mclass\u001b[39m=\u001b[32m\"lg:hidden\"\u001b[39m\n      \u001b[36m>\u001b[39m\n        \u001b[36m<div\u001b[39m\n          \u001b[33mclass\u001b[39m=\u001b[32m\"flex gap-4 overflow-x-auto pb-4 -mx-3 px-3\"\u001b[39m\n          \u001b[33mrole\u001b[39m=\u001b[32m\"list\"\u001b[39m\n        \u001b[36m>\u001b[39m\n          \u001b[36m<a\u001b[39m\n            \u001b[33mclass\u001b[39m=\u001b[32m\"\n                    flex-shrink-0 w-[200px] h-24\n                    bg-white rounded-lg shadow-default hover:shadow-hover \n                    transition-all duration-300\n                    flex items-center justify-center p-4\n                  \"\u001b[39m\n            \u001b[33mhref\u001b[39m=\u001b[32m\"/catalog/sportivnye-igry\"\u001b[39m\n            \u001b[33mrole\u001b[39m=\u001b[32m\"listitem\"\u001b[39m\n          \u001b[36m>\u001b[39m\n            \u001b[36m<h3\u001b[39m\n              \u001b[33mclass\u001b[39m=\u001b[32m\"text-base font-semibold text-text-primary text-center leading-tight\"\u001b[39m\n            \u001b[36m>\u001b[39m\n              \u001b[0m╨б╨┐╨╛╤А╤В╨╕╨▓╨╜╤Л╨╡ ╨╕╨│╤А╤Л\u001b[0m\n            \u001b[36m</h3>\u001b[39m\n          \u001b[36m</a>\u001b[39m\n          \u001b[36m<a\u001b[39m\n            \u001b[33mclass\u001b[39m=\u001b[32m\"\n                    flex-shrink-0 w-[200px] h-24\n                    bg-white rounded-lg shadow-default hover:shadow-hover \n                    transition-all duration-300\n                    flex items-center justify-center p-4\n                  \"\u001b[39m\n            \u001b[33mhref\u001b[39m=\u001b[32m\"/catalog/fitnes-i-atletika\"\u001b[39m\n            \u001b[33mrole\u001b[39m=\u001b[32m\"listitem\"\u001b[39m\n          \u001b[36m>\u001b[39m\n            \u001b[36m<h3\u001b[39m\n              \u001b[33mclass\u001b[39m=\u001b[32m\"text-base font-semibold text-text-primary text-center leading-tight\"\u001b[39m\n            \u001b[36m>\u001b[39m\n              \u001b[0m╨д╨╕╤В╨╜╨╡╤Б ╨╕ ╨░╤В╨╗╨╡╤В╨╕╨║╨░\u001b[0m\n            \u001b[36m</h3>\u001b[39m\n          \u001b[36m</a>\u001b[39m\n          \u001b[36m<a\u001b[39m\n            \u001b[33mclass\u001b[39m=\u001b[32m\"\n                    flex-shrink-0 w-[200px] h-24\n                    bg-white rounded-lg shadow-default hover:shadow-hover \n                    transition-all duration-300\n                    flex items-center justify-center p-4\n                  \"\u001b[39m\n            \u001b[33mhref\u001b[39m=\u001b[32m\"/catalog/gimnastika-i-tantsy\"\u001b[39m\n            \u001b[33mrole\u001b[39m=\u001b[32m\"listitem\"\u001b[39m\n          \u001b[36m>\u001b[39m\n            \u001b[36m<h3\u001b[39m\n              \u001b[33mclass\u001b[39m=\u001b[32m\"text-base font-semibold text-text-primary text-center leading-tight\"\u001b[39m\n            \u001b[36m>\u001b[39m\n              \u001b[0m╨У╨╕╨╝╨╜╨░╤Б╤В╨╕╨║╨░ ╨╕ ╤В╨░╨╜╤Ж╤Л\u001b[0m\n            \u001b[36m</h3>\u001b[39m\n          \u001b[36m</a>\u001b[39m\n          \u001b[36m<a\u001b[39m\n            \u001b[33mclass\u001b[39m=\u001b[32m\"\n                    flex-shrink-0 w-[200px] h-24\n                    bg-white rounded-lg shadow-default hover:shadow-hover \n                    transition-all duration-300\n                    flex items-center justify-center p-4\n                  \"\u001b[39m\n            \u001b[33mhref\u001b[39m=\u001b[32m\"/catalog/plavanie\"\u001b[39m\n            \u001b[33mrole\u001b[39m=\u001b[32m\"listitem\"\u001b[39m\n          \u001b[36m>\u001b[39m\n            \u001b[36m<h3\u001b[39m\n              \u001b[33mclass\u001b[39m=\u001b[32m\"text-base font-semibold text-text-primary text-center leading-tight\"\u001b[39m\n            \u001b[36m>\u001b[39m\n              \u001b[0m╨Я╨╗╨░╨▓╨░╨╜╨╕╨╡\u001b[0m\n            \u001b[36m</h3>\u001b[39m\n          \u001b[36m</a>\u001b[39m\n          \u001b[36m<a\u001b[39m\n            \u001b[33mclass\u001b[39m=\u001b[32m\"\n                    flex-shrink-0 w-[200px] h-24\n                    bg-white rounded-lg shadow-default hover:shadow-hover \n                    transition-all duration-300\n                    flex items-center justify-center p-4\n                  \"\u001b[39m\n            \u001b[33mhref\u001b[39m=\u001b[32m\"/catalog/edinoborstva\"\u001b[39m\n            \u001b[33mrole\u001b[39m=\u001b[32m\"listitem\"\u001b[39m\n          \u001b[36m>\u001b[39m\n            \u001b[36m<h3\u001b[39m\n              \u001b[33mclass\u001b[39m=\u001b[32m\"text-base font-semibold text-text-primary text-center leading-tight\"\u001b[39m\n            \u001b[36m>\u001b[39m\n              \u001b[0m╨Х╨┤╨╕╨╜╨╛╨▒╨╛╤А╤Б╤В╨▓╨░\u001b[0m\n            \u001b[36m</h3>\u001b[39m\n          \u001b[36m</a>\u001b[39m\n          \u001b[36m<a\u001b[39m\n            \u001b[33mclass\u001b[39m=\u001b[32m\"\n                    flex-shrink-0 w-[200px] h-24\n                    bg-white rounded-lg shadow-default hover:shadow-hover \n                    transition-all duration-300\n                    flex items-center justify-center p-4\n                  \"\u001b[39m\n            \u001b[33mhref\u001b[39m=\u001b[32m\"/catalog/detskiy-transport\"\u001b[39m\n            \u001b[33mrole\u001b[39m=\u001b[32m\"listitem\"\u001b[39m\n          \u001b[36m>\u001b[39m\n            \u001b[36m<h3\u001b[39m\n              \u001b[33mclass\u001b[39m=\u001b[32m\"text-base font-semibold text-text-primary text-center leading-tight\"\u001b[39m\n            \u001b[36m>\u001b[39m\n              \u001b[0m╨Ф╨╡╤В╤Б╨║╨╕╨╣ ╤В╤А╨░╨╜╤Б╨┐╨╛╤А╤В\u001b[0m\n            \u001b[36m</h3>\u001b[39m\n          \u001b[36m</a>\u001b[39m\n          \u001b[36m<a\u001b[39m\n            \u001b[33mclass\u001b[39m=\u001b[32m\"\n                    flex-shrink-0 w-[200px] h-24\n                    bg-white rounded-lg shadow-default hover:shadow-hover \n                    transition-all duration-300\n                    flex items-center justify-center p-4\n                  \"\u001b[39m\n            \u001b[33mhref\u001b[39m=\u001b[32m\"/catalog/oborudovanie\"\u001b[39m\n            \u001b[33mrole\u001b[39m=\u001b[32m\"listitem\"\u001b[39m\n          \u001b[36m>\u001b[39m\n            \u001b[36m<h3\u001b[39m\n              \u001b[33mclass\u001b[39m=\u001b[32m\"text-base font-semibold text-text-primary text-center leading-tight\"\u001b[39m\n            \u001b[36m>\u001b[39m\n              \u001b[0m╨Ю╨▒╨╛╤А╤Г╨┤╨╛╨▓╨░╨╜╨╕╨╡\u001b[0m\n            \u001b[36m</h3>\u001b[39m\n          \u001b[36m</a>\u001b[39m\n        \u001b[36m</div>\u001b[39m\n      \u001b[36m</div>\u001b[39m\n    \u001b[36m</section>\u001b[39m\n  \u001b[36m</div>\u001b[39m\n\u001b[36m</body>\u001b[39m\n    at waitForWrapper (C:\\Users\\38670\\DEV_WEB\\FREESPORT\\frontend\\node_modules\\@testing-library\\dom\\dist\\wait-for.js:163:27)\n    at C:/Users/38670/DEV_WEB/FREESPORT/frontend/src/components/home/__tests__/CategoriesSection.test.tsx:114:11\n    at file:///C:/Users/38670/DEV_WEB/FREESPORT/frontend/node_modules/@vitest/runner/dist/index.js:915:20"
          ],
          "meta": {}
        },
        {
          "ancestorTitles": ["CategoriesSection"],
          "fullName": "CategoriesSection uses correct API endpoint with parent_id__isnull filter and limit 100",
          "status": "passed",
          "title": "uses correct API endpoint with parent_id__isnull filter and limit 100",
          "duration": 28.78019999999924,
          "failureMessages": [],
          "meta": {}
        },
        {
          "ancestorTitles": ["CategoriesSection"],
          "fullName": "CategoriesSection does not render when no target categories are returned",
          "status": "passed",
          "title": "does not render when no target categories are returned",
          "duration": 46.76130000000012,
          "failureMessages": [],
          "meta": {}
        },
        {
          "ancestorTitles": ["CategoriesSection"],
          "fullName": "CategoriesSection handles partial category set gracefully (resilience)",
          "status": "failed",
          "title": "handles partial category set gracefully (resilience)",
          "duration": 1015.8927999999996,
          "failureMessages": [
            "Error: Found multiple elements with the text: ╨б╨┐╨╛╤А╤В╨╕╨▓╨╜╤Л╨╡ ╨╕╨│╤А╤Л\n\nHere are the matching elements:\n\nIgnored nodes: comments, script, style\n\u001b[36m<h3\u001b[39m\n  \u001b[33mclass\u001b[39m=\u001b[32m\"text-lg font-semibold text-text-primary text-center leading-tight\"\u001b[39m\n\u001b[36m>\u001b[39m\n  \u001b[0m╨б╨┐╨╛╤А╤В╨╕╨▓╨╜╤Л╨╡ ╨╕╨│╤А╤Л\u001b[0m\n\u001b[36m</h3>\u001b[39m\n\nIgnored nodes: comments, script, style\n\u001b[36m<h3\u001b[39m\n  \u001b[33mclass\u001b[39m=\u001b[32m\"text-base font-semibold text-text-primary text-center leading-tight\"\u001b[39m\n\u001b[36m>\u001b[39m\n  \u001b[0m╨б╨┐╨╛╤А╤В╨╕╨▓╨╜╤Л╨╡ ╨╕╨│╤А╤Л\u001b[0m\n\u001b[36m</h3>\u001b[39m\n\n(If this is intentional, then use the `*AllBy*` variant of the query (like `queryAllByText`, `getAllByText`, or `findAllByText`)).\n\nIgnored nodes: comments, script, style\n\u001b[36m<body>\u001b[39m\n  \u001b[36m<div>\u001b[39m\n    \u001b[36m<section\u001b[39m\n      \u001b[33maria-labelledby\u001b[39m=\u001b[32m\"categories-heading\"\u001b[39m\n      \u001b[33mclass\u001b[39m=\u001b[32m\"max-w-[1280px] mx-auto px-3 md:px-4 lg:px-6 mb-16\"\u001b[39m\n    \u001b[36m>\u001b[39m\n      \u001b[36m<h2\u001b[39m\n        \u001b[33mclass\u001b[39m=\u001b[32m\"text-3xl font-bold mb-8 text-text-primary\"\u001b[39m\n        \u001b[33mid\u001b[39m=\u001b[32m\"categories-heading\"\u001b[39m\n      \u001b[36m>\u001b[39m\n        \u001b[0m╨Я╨╛╨┐╤Г╨╗╤П╤А╨╜╤Л╨╡ ╨║╨░╤В╨╡╨│╨╛╤А╨╕╨╕\u001b[0m\n      \u001b[36m</h2>\u001b[39m\n      \u001b[36m<div\u001b[39m\n        \u001b[33mclass\u001b[39m=\u001b[32m\"hidden lg:block space-y-6\"\u001b[39m\n      \u001b[36m>\u001b[39m\n        \u001b[36m<div\u001b[39m\n          \u001b[33mclass\u001b[39m=\u001b[32m\"grid gap-6 grid-cols-3\"\u001b[39m\n          \u001b[33mrole\u001b[39m=\u001b[32m\"list\"\u001b[39m\n        \u001b[36m>\u001b[39m\n          \u001b[36m<div\u001b[39m\n            \u001b[33mrole\u001b[39m=\u001b[32m\"listitem\"\u001b[39m\n          \u001b[36m>\u001b[39m\n            \u001b[36m<a\u001b[39m\n              \u001b[33mclass\u001b[39m=\u001b[32m\"\n        block bg-white rounded-lg shadow-default hover:shadow-hover \n        transition-all duration-300 hover:scale-[1.02]\n        h-32 flex items-center justify-center p-4\n      \"\u001b[39m\n              \u001b[33mhref\u001b[39m=\u001b[32m\"/catalog/sportivnye-igry\"\u001b[39m\n            \u001b[36m>\u001b[39m\n              \u001b[36m<h3\u001b[39m\n                \u001b[33mclass\u001b[39m=\u001b[32m\"text-lg font-semibold text-text-primary text-center leading-tight\"\u001b[39m\n              \u001b[36m>\u001b[39m\n                \u001b[0m╨б╨┐╨╛╤А╤В╨╕╨▓╨╜╤Л╨╡ ╨╕╨│╤А╤Л\u001b[0m\n              \u001b[36m</h3>\u001b[39m\n            \u001b[36m</a>\u001b[39m\n          \u001b[36m</div>\u001b[39m\n          \u001b[36m<div\u001b[39m\n            \u001b[33mrole\u001b[39m=\u001b[32m\"listitem\"\u001b[39m\n          \u001b[36m>\u001b[39m\n            \u001b[36m<a\u001b[39m\n              \u001b[33mclass\u001b[39m=\u001b[32m\"\n        block bg-white rounded-lg shadow-default hover:shadow-hover \n        transition-all duration-300 hover:scale-[1.02]\n        h-32 flex items-center justify-center p-4\n      \"\u001b[39m\n              \u001b[33mhref\u001b[39m=\u001b[32m\"/catalog/fitnes-i-atletika\"\u001b[39m\n            \u001b[36m>\u001b[39m\n              \u001b[36m<h3\u001b[39m\n                \u001b[33mclass\u001b[39m=\u001b[32m\"text-lg font-semibold text-text-primary text-center leading-tight\"\u001b[39m\n              \u001b[36m>\u001b[39m\n                \u001b[0m╨д╨╕╤В╨╜╨╡╤Б ╨╕ ╨░╤В╨╗╨╡╤В╨╕╨║╨░\u001b[0m\n              \u001b[36m</h3>\u001b[39m\n            \u001b[36m</a>\u001b[39m\n          \u001b[36m</div>\u001b[39m\n          \u001b[36m<div\u001b[39m\n            \u001b[33mrole\u001b[39m=\u001b[32m\"listitem\"\u001b[39m\n          \u001b[36m>\u001b[39m\n            \u001b[36m<a\u001b[39m\n              \u001b[33mclass\u001b[39m=\u001b[32m\"\n        block bg-white rounded-lg shadow-default hover:shadow-hover \n        transition-all duration-300 hover:scale-[1.02]\n        h-32 flex items-center justify-center p-4\n      \"\u001b[39m\n              \u001b[33mhref\u001b[39m=\u001b[32m\"/catalog/gimnastika-i-tantsy\"\u001b[39m\n            \u001b[36m>\u001b[39m\n              \u001b[36m<h3\u001b[39m\n                \u001b[33mclass\u001b[39m=\u001b[32m\"text-lg font-semibold text-text-primary text-center leading-tight\"\u001b[39m\n              \u001b[36m>\u001b[39m\n                \u001b[0m╨У╨╕╨╝╨╜╨░╤Б╤В╨╕╨║╨░ ╨╕ ╤В╨░╨╜╤Ж╤Л\u001b[0m\n              \u001b[36m</h3>\u001b[39m\n            \u001b[36m</a>\u001b[39m\n          \u001b[36m</div>\u001b[39m\n        \u001b[36m</div>\u001b[39m\n        \u001b[36m<div\u001b[39m\n          \u001b[33mclass\u001b[39m=\u001b[32m\"grid gap-6 grid-cols-2 max-w-xl mx-auto\"\u001b[39m\n          \u001b[33mrole\u001b[39m=\u001b[32m\"list\"\u001b[39m\n        \u001b[36m>\u001b[39m\n          \u001b[36m<div\u001b[39m\n            \u001b[33mrole\u001b[39m=\u001b[32m\"listitem\"\u001b[39m\n          \u001b[36m>\u001b[39m\n            \u001b[36m<a\u001b[39m\n              \u001b[33mclass\u001b[39m=\u001b[32m\"\n        block bg-white rounded-lg shadow-default hover:shadow-hover \n        transition-all duration-300 hover:scale-[1.02]\n        h-28 flex items-center justify-center p-4\n      \"\u001b[39m\n              \u001b[33mhref\u001b[39m=\u001b[32m\"/catalog/plavanie\"\u001b[39m\n            \u001b[36m>\u001b[39m\n              \u001b[36m<h3\u001b[39m\n                \u001b[33mclass\u001b[39m=\u001b[32m\"text-lg font-semibold text-text-primary text-center leading-tight\"\u001b[39m\n              \u001b[36m>\u001b[39m\n                \u001b[0m╨Я╨╗╨░╨▓╨░╨╜╨╕╨╡\u001b[0m\n              \u001b[36m</h3>\u001b[39m\n            \u001b[36m</a>\u001b[39m\n          \u001b[36m</div>\u001b[39m\n          \u001b[36m<div\u001b[39m\n            \u001b[33mrole\u001b[39m=\u001b[32m\"listitem\"\u001b[39m\n          \u001b[36m>\u001b[39m\n            \u001b[36m<a\u001b[39m\n              \u001b[33mclass\u001b[39m=\u001b[32m\"\n        block bg-white rounded-lg shadow-default hover:shadow-hover \n        transition-all duration-300 hover:scale-[1.02]\n        h-28 flex items-center justify-center p-4\n      \"\u001b[39m\n              \u001b[33mhref\u001b[39m=\u001b[32m\"/catalog/edinoborstva\"\u001b[39m\n            \u001b[36m>\u001b[39m\n              \u001b[36m<h3\u001b[39m\n                \u001b[33mclass\u001b[39m=\u001b[32m\"text-lg font-semibold text-text-primary text-center leading-tight\"\u001b[39m\n              \u001b[36m>\u001b[39m\n                \u001b[0m╨Х╨┤╨╕╨╜╨╛╨▒╨╛╤А╤Б╤В╨▓╨░\u001b[0m\n              \u001b[36m</h3>\u001b[39m\n            \u001b[36m</a>\u001b[39m\n          \u001b[36m</div>\u001b[39m\n        \u001b[36m</div>\u001b[39m\n      \u001b[36m</div>\u001b[39m\n      \u001b[36m<div\u001b[39m\n        \u001b[33mclass\u001b[39m=\u001b[32m\"lg:hidden\"\u001b[39m\n      \u001b[36m>\u001b[39m\n        \u001b[36m<div\u001b[39m\n          \u001b[33mclass\u001b[39m=\u001b[32m\"flex gap-4 overflow-x-auto pb-4 -mx-3 px-3\"\u001b[39m\n          \u001b[33mrole\u001b[39m=\u001b[32m\"list\"\u001b[39m\n        \u001b[36m>\u001b[39m\n          \u001b[36m<a\u001b[39m\n            \u001b[33mclass\u001b[39m=\u001b[32m\"\n                    flex-shrink-0 w-[200px] h-24\n                    bg-white rounded-lg shadow-default hover:shadow-hover \n                    transition-all duration-300\n                    flex items-center justify-center p-4\n                  \"\u001b[39m\n            \u001b[33mhref\u001b[39m=\u001b[32m\"/catalog/sportivnye-igry\"\u001b[39m\n            \u001b[33mrole\u001b[39m=\u001b[32m\"listitem\"\u001b[39m\n          \u001b[36m>\u001b[39m\n            \u001b[36m<h3\u001b[39m\n              \u001b[33mclass\u001b[39m=\u001b[32m\"text-base font-semibold text-text-primary text-center leading-tight\"\u001b[39m\n            \u001b[36m>\u001b[39m\n              \u001b[0m╨б╨┐╨╛╤А╤В╨╕╨▓╨╜╤Л╨╡ ╨╕╨│╤А╤Л\u001b[0m\n            \u001b[36m</h3>\u001b[39m\n          \u001b[36m</a>\u001b[39m\n          \u001b[36m<a\u001b[39m\n            \u001b[33mclass\u001b[39m=\u001b[32m\"\n                    flex-shrink-0 w-[200px] h-24\n                    bg-white rounded-lg shadow-default hover:shadow-hover \n                    transition-all duration-300\n                    flex items-center justify-center p-4\n                  \"\u001b[39m\n            \u001b[33mhref\u001b[39m=\u001b[32m\"/catalog/fitnes-i-atletika\"\u001b[39m\n            \u001b[33mrole\u001b[39m=\u001b[32m\"listitem\"\u001b[39m\n          \u001b[36m>\u001b[39m\n            \u001b[36m<h3\u001b[39m\n              \u001b[33mclass\u001b[39m=\u001b[32m\"text-base font-semibold text-text-primary text-center leading-tight\"\u001b[39m\n            \u001b[36m>\u001b[39m\n              \u001b[0m╨д╨╕╤В╨╜╨╡╤Б ╨╕ ╨░╤В╨╗╨╡╤В╨╕╨║╨░\u001b[0m\n            \u001b[36m</h3>\u001b[39m\n          \u001b[36m</a>\u001b[39m\n          \u001b[36m<a\u001b[39m\n            \u001b[33mclass\u001b[39m=\u001b[32m\"\n                    flex-shrink-0 w-[200px] h-24\n                    bg-white rounded-lg shadow-default hover:shadow-hover \n                    transition-all duration-300\n                    flex items-center justify-center p-4\n                  \"\u001b[39m\n            \u001b[33mhref\u001b[39m=\u001b[32m\"/catalog/gimnastika-i-tantsy\"\u001b[39m\n            \u001b[33mrole\u001b[39m=\u001b[32m\"listitem\"\u001b[39m\n          \u001b[36m>\u001b[39m\n            \u001b[36m<h3\u001b[39m\n              \u001b[33mclass\u001b[39m=\u001b[32m\"text-base font-semibold text-text-primary text-center leading-tight\"\u001b[39m\n            \u001b[36m>\u001b[39m\n              \u001b[0m╨У╨╕╨╝╨╜╨░╤Б╤В╨╕╨║╨░ ╨╕ ╤В╨░╨╜╤Ж╤Л\u001b[0m\n            \u001b[36m</h3>\u001b[39m\n          \u001b[36m</a>\u001b[39m\n          \u001b[36m<a\u001b[39m\n            \u001b[33mclass\u001b[39m=\u001b[32m\"\n                    flex-shrink-0 w-[200px] h-24\n                    bg-white rounded-lg shadow-default hover:shadow-hover \n                    transition-all duration-300\n                    flex items-center justify-center p-4\n                  \"\u001b[39m\n            \u001b[33mhref\u001b[39m=\u001b[32m\"/catalog/plavanie\"\u001b[39m\n            \u001b[33mrole\u001b[39m=\u001b[32m\"listitem\"\u001b[39m\n          \u001b[36m>\u001b[39m\n            \u001b[36m<h3\u001b[39m\n              \u001b[33mclass\u001b[39m=\u001b[32m\"text-base font-semibold text-text-primary text-center leading-tight\"\u001b[39m\n            \u001b[36m>\u001b[39m\n              \u001b[0m╨Я╨╗╨░╨▓╨░╨╜╨╕╨╡\u001b[0m\n            \u001b[36m</h3>\u001b[39m\n          \u001b[36m</a>\u001b[39m\n          \u001b[36m<a\u001b[39m\n            \u001b[33mclass\u001b[39m=\u001b[32m\"\n                    flex-shrink-0 w-[200px] h-24\n                    bg-white rounded-lg shadow-default hover:shadow-hover \n                    transition-all duration-300\n                    flex items-center justify-center p-4\n                  \"\u001b[39m\n            \u001b[33mhref\u001b[39m=\u001b[32m\"/catalog/edinoborstva\"\u001b[39m\n            \u001b[33mrole\u001b[39m=\u001b[32m\"listitem\"\u001b[39m\n          \u001b[36m>\u001b[39m\n            \u001b[36m<h3\u001b[39m\n              \u001b[33mclass\u001b[39m=\u001b[32m\"text-base font-semibold text-text-primary text-center leading-tight\"\u001b[39m\n            \u001b[36m>\u001b[39m\n              \u001b[0m╨Х╨┤╨╕╨╜╨╛╨▒╨╛╤А╤Б╤В╨▓╨░\u001b[0m\n            \u001b[36m</h3>\u001b[39m\n          \u001b[36m</a>\u001b[39m\n        \u001b[36m</div>\u001b[39m\n      \u001b[36m</div>\u001b[39m\n    \u001b[36m</section>\u001b[39m\n  \u001b[36m</div>\u001b[39m\n\u001b[36m</body>\u001b[39m\n    at waitForWrapper (C:\\Users\\38670\\DEV_WEB\\FREESPORT\\frontend\\node_modules\\@testing-library\\dom\\dist\\wait-for.js:163:27)\n    at C:/Users/38670/DEV_WEB/FREESPORT/frontend/src/components/home/__tests__/CategoriesSection.test.tsx:173:11\n    at file:///C:/Users/38670/DEV_WEB/FREESPORT/frontend/node_modules/@vitest/runner/dist/index.js:145:11\n    at file:///C:/Users/38670/DEV_WEB/FREESPORT/frontend/node_modules/@vitest/runner/dist/index.js:915:26\n    at file:///C:/Users/38670/DEV_WEB/FREESPORT/frontend/node_modules/@vitest/runner/dist/index.js:1240:20\n    at new Promise (<anonymous>)\n    at runWithTimeout (file:///C:/Users/38670/DEV_WEB/FREESPORT/frontend/node_modules/@vitest/runner/dist/index.js:1206:10)\n    at file:///C:/Users/38670/DEV_WEB/FREESPORT/frontend/node_modules/@vitest/runner/dist/index.js:1650:37\n    at Traces.$ (file:///C:/Users/38670/DEV_WEB/FREESPORT/frontend/node_modules/vitest/dist/chunks/traces.U4xDYhzZ.js:115:27)\n    at trace (file:///C:/Users/38670/DEV_WEB/FREESPORT/frontend/node_modules/vitest/dist/chunks/test.BT8LKgU9.js:239:21)"
          ],
          "meta": {}
        },
        {
          "ancestorTitles": ["CategoriesSection"],
          "fullName": "CategoriesSection has desktop Smart Grid layout (hidden on mobile)",
          "status": "failed",
          "title": "has desktop Smart Grid layout (hidden on mobile)",
          "duration": 1017.1864999999998,
          "failureMessages": [
            "Error: Found multiple elements with the text: ╨б╨┐╨╛╤А╤В╨╕╨▓╨╜╤Л╨╡ ╨╕╨│╤А╤Л\n\nHere are the matching elements:\n\nIgnored nodes: comments, script, style\n\u001b[36m<h3\u001b[39m\n  \u001b[33mclass\u001b[39m=\u001b[32m\"text-lg font-semibold text-text-primary text-center leading-tight\"\u001b[39m\n\u001b[36m>\u001b[39m\n  \u001b[0m╨б╨┐╨╛╤А╤В╨╕╨▓╨╜╤Л╨╡ ╨╕╨│╤А╤Л\u001b[0m\n\u001b[36m</h3>\u001b[39m\n\nIgnored nodes: comments, script, style\n\u001b[36m<h3\u001b[39m\n  \u001b[33mclass\u001b[39m=\u001b[32m\"text-base font-semibold text-text-primary text-center leading-tight\"\u001b[39m\n\u001b[36m>\u001b[39m\n  \u001b[0m╨б╨┐╨╛╤А╤В╨╕╨▓╨╜╤Л╨╡ ╨╕╨│╤А╤Л\u001b[0m\n\u001b[36m</h3>\u001b[39m\n\n(If this is intentional, then use the `*AllBy*` variant of the query (like `queryAllByText`, `getAllByText`, or `findAllByText`)).\n\nIgnored nodes: comments, script, style\n\u001b[36m<body>\u001b[39m\n  \u001b[36m<div>\u001b[39m\n    \u001b[36m<section\u001b[39m\n      \u001b[33maria-labelledby\u001b[39m=\u001b[32m\"categories-heading\"\u001b[39m\n      \u001b[33mclass\u001b[39m=\u001b[32m\"max-w-[1280px] mx-auto px-3 md:px-4 lg:px-6 mb-16\"\u001b[39m\n    \u001b[36m>\u001b[39m\n      \u001b[36m<h2\u001b[39m\n        \u001b[33mclass\u001b[39m=\u001b[32m\"text-3xl font-bold mb-8 text-text-primary\"\u001b[39m\n        \u001b[33mid\u001b[39m=\u001b[32m\"categories-heading\"\u001b[39m\n      \u001b[36m>\u001b[39m\n        \u001b[0m╨Я╨╛╨┐╤Г╨╗╤П╤А╨╜╤Л╨╡ ╨║╨░╤В╨╡╨│╨╛╤А╨╕╨╕\u001b[0m\n      \u001b[36m</h2>\u001b[39m\n      \u001b[36m<div\u001b[39m\n        \u001b[33mclass\u001b[39m=\u001b[32m\"hidden lg:block space-y-6\"\u001b[39m\n      \u001b[36m>\u001b[39m\n        \u001b[36m<div\u001b[39m\n          \u001b[33mclass\u001b[39m=\u001b[32m\"grid gap-6 grid-cols-3\"\u001b[39m\n          \u001b[33mrole\u001b[39m=\u001b[32m\"list\"\u001b[39m\n        \u001b[36m>\u001b[39m\n          \u001b[36m<div\u001b[39m\n            \u001b[33mrole\u001b[39m=\u001b[32m\"listitem\"\u001b[39m\n          \u001b[36m>\u001b[39m\n            \u001b[36m<a\u001b[39m\n              \u001b[33mclass\u001b[39m=\u001b[32m\"\n        block bg-white rounded-lg shadow-default hover:shadow-hover \n        transition-all duration-300 hover:scale-[1.02]\n        h-32 flex items-center justify-center p-4\n      \"\u001b[39m\n              \u001b[33mhref\u001b[39m=\u001b[32m\"/catalog/sportivnye-igry\"\u001b[39m\n            \u001b[36m>\u001b[39m\n              \u001b[36m<h3\u001b[39m\n                \u001b[33mclass\u001b[39m=\u001b[32m\"text-lg font-semibold text-text-primary text-center leading-tight\"\u001b[39m\n              \u001b[36m>\u001b[39m\n                \u001b[0m╨б╨┐╨╛╤А╤В╨╕╨▓╨╜╤Л╨╡ ╨╕╨│╤А╤Л\u001b[0m\n              \u001b[36m</h3>\u001b[39m\n            \u001b[36m</a>\u001b[39m\n          \u001b[36m</div>\u001b[39m\n          \u001b[36m<div\u001b[39m\n            \u001b[33mrole\u001b[39m=\u001b[32m\"listitem\"\u001b[39m\n          \u001b[36m>\u001b[39m\n            \u001b[36m<a\u001b[39m\n              \u001b[33mclass\u001b[39m=\u001b[32m\"\n        block bg-white rounded-lg shadow-default hover:shadow-hover \n        transition-all duration-300 hover:scale-[1.02]\n        h-32 flex items-center justify-center p-4\n      \"\u001b[39m\n              \u001b[33mhref\u001b[39m=\u001b[32m\"/catalog/fitnes-i-atletika\"\u001b[39m\n            \u001b[36m>\u001b[39m\n              \u001b[36m<h3\u001b[39m\n                \u001b[33mclass\u001b[39m=\u001b[32m\"text-lg font-semibold text-text-primary text-center leading-tight\"\u001b[39m\n              \u001b[36m>\u001b[39m\n                \u001b[0m╨д╨╕╤В╨╜╨╡╤Б ╨╕ ╨░╤В╨╗╨╡╤В╨╕╨║╨░\u001b[0m\n              \u001b[36m</h3>\u001b[39m\n            \u001b[36m</a>\u001b[39m\n          \u001b[36m</div>\u001b[39m\n          \u001b[36m<div\u001b[39m\n            \u001b[33mrole\u001b[39m=\u001b[32m\"listitem\"\u001b[39m\n          \u001b[36m>\u001b[39m\n            \u001b[36m<a\u001b[39m\n              \u001b[33mclass\u001b[39m=\u001b[32m\"\n        block bg-white rounded-lg shadow-default hover:shadow-hover \n        transition-all duration-300 hover:scale-[1.02]\n        h-32 flex items-center justify-center p-4\n      \"\u001b[39m\n              \u001b[33mhref\u001b[39m=\u001b[32m\"/catalog/gimnastika-i-tantsy\"\u001b[39m\n            \u001b[36m>\u001b[39m\n              \u001b[36m<h3\u001b[39m\n                \u001b[33mclass\u001b[39m=\u001b[32m\"text-lg font-semibold text-text-primary text-center leading-tight\"\u001b[39m\n              \u001b[36m>\u001b[39m\n                \u001b[0m╨У╨╕╨╝╨╜╨░╤Б╤В╨╕╨║╨░ ╨╕ ╤В╨░╨╜╤Ж╤Л\u001b[0m\n              \u001b[36m</h3>\u001b[39m\n            \u001b[36m</a>\u001b[39m\n          \u001b[36m</div>\u001b[39m\n        \u001b[36m</div>\u001b[39m\n        \u001b[36m<div\u001b[39m\n          \u001b[33mclass\u001b[39m=\u001b[32m\"grid gap-6 grid-cols-4\"\u001b[39m\n          \u001b[33mrole\u001b[39m=\u001b[32m\"list\"\u001b[39m\n        \u001b[36m>\u001b[39m\n          \u001b[36m<div\u001b[39m\n            \u001b[33mrole\u001b[39m=\u001b[32m\"listitem\"\u001b[39m\n          \u001b[36m>\u001b[39m\n            \u001b[36m<a\u001b[39m\n              \u001b[33mclass\u001b[39m=\u001b[32m\"\n        block bg-white rounded-lg shadow-default hover:shadow-hover \n        transition-all duration-300 hover:scale-[1.02]\n        h-28 flex items-center justify-center p-4\n      \"\u001b[39m\n              \u001b[33mhref\u001b[39m=\u001b[32m\"/catalog/plavanie\"\u001b[39m\n            \u001b[36m>\u001b[39m\n              \u001b[36m<h3\u001b[39m\n                \u001b[33mclass\u001b[39m=\u001b[32m\"text-lg font-semibold text-text-primary text-center leading-tight\"\u001b[39m\n              \u001b[36m>\u001b[39m\n                \u001b[0m╨Я╨╗╨░╨▓╨░╨╜╨╕╨╡\u001b[0m\n              \u001b[36m</h3>\u001b[39m\n            \u001b[36m</a>\u001b[39m\n          \u001b[36m</div>\u001b[39m\n          \u001b[36m<div\u001b[39m\n            \u001b[33mrole\u001b[39m=\u001b[32m\"listitem\"\u001b[39m\n          \u001b[36m>\u001b[39m\n            \u001b[36m<a\u001b[39m\n              \u001b[33mclass\u001b[39m=\u001b[32m\"\n        block bg-white rounded-lg shadow-default hover:shadow-hover \n        transition-all duration-300 hover:scale-[1.02]\n        h-28 flex items-center justify-center p-4\n      \"\u001b[39m\n              \u001b[33mhref\u001b[39m=\u001b[32m\"/catalog/edinoborstva\"\u001b[39m\n            \u001b[36m>\u001b[39m\n              \u001b[36m<h3\u001b[39m\n                \u001b[33mclass\u001b[39m=\u001b[32m\"text-lg font-semibold text-text-primary text-center leading-tight\"\u001b[39m\n              \u001b[36m>\u001b[39m\n                \u001b[0m╨Х╨┤╨╕╨╜╨╛╨▒╨╛╤А╤Б╤В╨▓╨░\u001b[0m\n              \u001b[36m</h3>\u001b[39m\n            \u001b[36m</a>\u001b[39m\n          \u001b[36m</div>\u001b[39m\n          \u001b[36m<div\u001b[39m\n            \u001b[33mrole\u001b[39m=\u001b[32m\"listitem\"\u001b[39m\n          \u001b[36m>\u001b[39m\n            \u001b[36m<a\u001b[39m\n              \u001b[33mclass\u001b[39m=\u001b[32m\"\n        block bg-white rounded-lg shadow-default hover:shadow-hover \n        transition-all duration-300 hover:scale-[1.02]\n        h-28 flex items-center justify-center p-4\n      \"\u001b[39m\n              \u001b[33mhref\u001b[39m=\u001b[32m\"/catalog/detskiy-transport\"\u001b[39m\n            \u001b[36m>\u001b[39m\n              \u001b[36m<h3\u001b[39m\n                \u001b[33mclass\u001b[39m=\u001b[32m\"text-lg font-semibold text-text-primary text-center leading-tight\"\u001b[39m\n              \u001b[36m>\u001b[39m\n                \u001b[0m╨Ф╨╡╤В╤Б╨║╨╕╨╣ ╤В╤А╨░╨╜╤Б╨┐╨╛╤А╤В\u001b[0m\n              \u001b[36m</h3>\u001b[39m\n            \u001b[36m</a>\u001b[39m\n          \u001b[36m</div>\u001b[39m\n          \u001b[36m<div\u001b[39m\n            \u001b[33mrole\u001b[39m=\u001b[32m\"listitem\"\u001b[39m\n          \u001b[36m>\u001b[39m\n            \u001b[36m<a\u001b[39m\n              \u001b[33mclass\u001b[39m=\u001b[32m\"\n        block bg-white rounded-lg shadow-default hover:shadow-hover \n        transition-all duration-300 hover:scale-[1.02]\n        h-28 flex items-center justify-center p-4\n      \"\u001b[39m\n              \u001b[33mhref\u001b[39m=\u001b[32m\"/catalog/oborudovanie\"\u001b[39m\n            \u001b[36m>\u001b[39m\n              \u001b[36m<h3\u001b[39m\n                \u001b[33mclass\u001b[39m=\u001b[32m\"text-lg font-semibold text-text-primary text-center leading-tight\"\u001b[39m\n              \u001b[36m>\u001b[39m\n                \u001b[0m╨Ю╨▒╨╛╤А╤Г╨┤╨╛╨▓╨░╨╜╨╕╨╡\u001b[0m\n              \u001b[36m</h3>\u001b[39m\n            \u001b[36m</a>\u001b[39m\n          \u001b[36m</div>\u001b[39m\n        \u001b[36m</div>\u001b[39m\n      \u001b[36m</div>\u001b[39m\n      \u001b[36m<div\u001b[39m\n        \u001b[33mclass\u001b[39m=\u001b[32m\"lg:hidden\"\u001b[39m\n      \u001b[36m>\u001b[39m\n        \u001b[36m<div\u001b[39m\n          \u001b[33mclass\u001b[39m=\u001b[32m\"flex gap-4 overflow-x-auto pb-4 -mx-3 px-3\"\u001b[39m\n          \u001b[33mrole\u001b[39m=\u001b[32m\"list\"\u001b[39m\n        \u001b[36m>\u001b[39m\n          \u001b[36m<a\u001b[39m\n            \u001b[33mclass\u001b[39m=\u001b[32m\"\n                    flex-shrink-0 w-[200px] h-24\n                    bg-white rounded-lg shadow-default hover:shadow-hover \n                    transition-all duration-300\n                    flex items-center justify-center p-4\n                  \"\u001b[39m\n            \u001b[33mhref\u001b[39m=\u001b[32m\"/catalog/sportivnye-igry\"\u001b[39m\n            \u001b[33mrole\u001b[39m=\u001b[32m\"listitem\"\u001b[39m\n          \u001b[36m>\u001b[39m\n            \u001b[36m<h3\u001b[39m\n              \u001b[33mclass\u001b[39m=\u001b[32m\"text-base font-semibold text-text-primary text-center leading-tight\"\u001b[39m\n            \u001b[36m>\u001b[39m\n              \u001b[0m╨б╨┐╨╛╤А╤В╨╕╨▓╨╜╤Л╨╡ ╨╕╨│╤А╤Л\u001b[0m\n            \u001b[36m</h3>\u001b[39m\n          \u001b[36m</a>\u001b[39m\n          \u001b[36m<a\u001b[39m\n            \u001b[33mclass\u001b[39m=\u001b[32m\"\n                    flex-shrink-0 w-[200px] h-24\n                    bg-white rounded-lg shadow-default hover:shadow-hover \n                    transition-all duration-300\n                    flex items-center justify-center p-4\n                  \"\u001b[39m\n            \u001b[33mhref\u001b[39m=\u001b[32m\"/catalog/fitnes-i-atletika\"\u001b[39m\n            \u001b[33mrole\u001b[39m=\u001b[32m\"listitem\"\u001b[39m\n          \u001b[36m>\u001b[39m\n            \u001b[36m<h3\u001b[39m\n              \u001b[33mclass\u001b[39m=\u001b[32m\"text-base font-semibold text-text-primary text-center leading-tight\"\u001b[39m\n            \u001b[36m>\u001b[39m\n              \u001b[0m╨д╨╕╤В╨╜╨╡╤Б ╨╕ ╨░╤В╨╗╨╡╤В╨╕╨║╨░\u001b[0m\n            \u001b[36m</h3>\u001b[39m\n          \u001b[36m</a>\u001b[39m\n          \u001b[36m<a\u001b[39m\n            \u001b[33mclass\u001b[39m=\u001b[32m\"\n                    flex-shrink-0 w-[200px] h-24\n                    bg-white rounded-lg shadow-default hover:shadow-hover \n                    transition-all duration-300\n                    flex items-center justify-center p-4\n                  \"\u001b[39m\n            \u001b[33mhref\u001b[39m=\u001b[32m\"/catalog/gimnastika-i-tantsy\"\u001b[39m\n            \u001b[33mrole\u001b[39m=\u001b[32m\"listitem\"\u001b[39m\n          \u001b[36m>\u001b[39m\n            \u001b[36m<h3\u001b[39m\n              \u001b[33mclass\u001b[39m=\u001b[32m\"text-base font-semibold text-text-primary text-center leading-tight\"\u001b[39m\n            \u001b[36m>\u001b[39m\n              \u001b[0m╨У╨╕╨╝╨╜╨░╤Б╤В╨╕╨║╨░ ╨╕ ╤В╨░╨╜╤Ж╤Л\u001b[0m\n            \u001b[36m</h3>\u001b[39m\n          \u001b[36m</a>\u001b[39m\n          \u001b[36m<a\u001b[39m\n            \u001b[33mclass\u001b[39m=\u001b[32m\"\n                    flex-shrink-0 w-[200px] h-24\n                    bg-white rounded-lg shadow-default hover:shadow-hover \n                    transition-all duration-300\n                    flex items-center justify-center p-4\n                  \"\u001b[39m\n            \u001b[33mhref\u001b[39m=\u001b[32m\"/catalog/plavanie\"\u001b[39m\n            \u001b[33mrole\u001b[39m=\u001b[32m\"listitem\"\u001b[39m\n          \u001b[36m>\u001b[39m\n            \u001b[36m<h3\u001b[39m\n              \u001b[33mclass\u001b[39m=\u001b[32m\"text-base font-semibold text-text-primary text-center leading-tight\"\u001b[39m\n            \u001b[36m>\u001b[39m\n              \u001b[0m╨Я╨╗╨░╨▓╨░╨╜╨╕╨╡\u001b[0m\n            \u001b[36m</h3>\u001b[39m\n          \u001b[36m</a>\u001b[39m\n          \u001b[36m<a\u001b[39m\n            \u001b[33mclass\u001b[39m=\u001b[32m\"\n                    flex-shrink-0 w-[200px] h-24\n                    bg-white rounded-lg shadow-default hover:shadow-hover \n                    transition-all duration-300\n                    flex items-center justify-center p-4\n                  \"\u001b[39m\n            \u001b[33mhref\u001b[39m=\u001b[32m\"/catalog/edinoborstva\"\u001b[39m\n            \u001b[33mrole\u001b[39m=\u001b[32m\"listitem\"\u001b[39m\n          \u001b[36m>\u001b[39m\n            \u001b[36m<h3\u001b[39m\n              \u001b[33mclass\u001b[39m=\u001b[32m\"text-base font-semibold text-text-primary text-center leading-tight\"\u001b[39m\n            \u001b[36m>\u001b[39m\n              \u001b[0m╨Х╨┤╨╕╨╜╨╛╨▒╨╛╤А╤Б╤В╨▓╨░\u001b[0m\n            \u001b[36m</h3>\u001b[39m\n          \u001b[36m</a>\u001b[39m\n          \u001b[36m<a\u001b[39m\n            \u001b[33mclass\u001b[39m=\u001b[32m\"\n                    flex-shrink-0 w-[200px] h-24\n                    bg-white rounded-lg shadow-default hover:shadow-hover \n                    transition-all duration-300\n                    flex items-center justify-center p-4\n                  \"\u001b[39m\n            \u001b[33mhref\u001b[39m=\u001b[32m\"/catalog/detskiy-transport\"\u001b[39m\n            \u001b[33mrole\u001b[39m=\u001b[32m\"listitem\"\u001b[39m\n          \u001b[36m>\u001b[39m\n            \u001b[36m<h3\u001b[39m\n              \u001b[33mclass\u001b[39m=\u001b[32m\"text-base font-semibold text-text-primary text-center leading-tight\"\u001b[39m\n            \u001b[36m>\u001b[39m\n              \u001b[0m╨Ф╨╡╤В╤Б╨║╨╕╨╣ ╤В╤А╨░╨╜╤Б╨┐╨╛╤А╤В\u001b[0m\n            \u001b[36m</h3>\u001b[39m\n          \u001b[36m</a>\u001b[39m\n          \u001b[36m<a\u001b[39m\n            \u001b[33mclass\u001b[39m=\u001b[32m\"\n                    flex-shrink-0 w-[200px] h-24\n                    bg-white rounded-lg shadow-default hover:shadow-hover \n                    transition-all duration-300\n                    flex items-center justify-center p-4\n                  \"\u001b[39m\n            \u001b[33mhref\u001b[39m=\u001b[32m\"/catalog/oborudovanie\"\u001b[39m\n            \u001b[33mrole\u001b[39m=\u001b[32m\"listitem\"\u001b[39m\n          \u001b[36m>\u001b[39m\n            \u001b[36m<h3\u001b[39m\n              \u001b[33mclass\u001b[39m=\u001b[32m\"text-base font-semibold text-text-primary text-center leading-tight\"\u001b[39m\n            \u001b[36m>\u001b[39m\n              \u001b[0m╨Ю╨▒╨╛╤А╤Г╨┤╨╛╨▓╨░╨╜╨╕╨╡\u001b[0m\n            \u001b[36m</h3>\u001b[39m\n          \u001b[36m</a>\u001b[39m\n        \u001b[36m</div>\u001b[39m\n      \u001b[36m</div>\u001b[39m\n    \u001b[36m</section>\u001b[39m\n  \u001b[36m</div>\u001b[39m\n\u001b[36m</body>\u001b[39m\n    at waitForWrapper (C:\\Users\\38670\\DEV_WEB\\FREESPORT\\frontend\\node_modules\\@testing-library\\dom\\dist\\wait-for.js:163:27)\n    at C:/Users/38670/DEV_WEB/FREESPORT/frontend/src/components/home/__tests__/CategoriesSection.test.tsx:191:11\n    at file:///C:/Users/38670/DEV_WEB/FREESPORT/frontend/node_modules/@vitest/runner/dist/index.js:145:11\n    at file:///C:/Users/38670/DEV_WEB/FREESPORT/frontend/node_modules/@vitest/runner/dist/index.js:915:26\n    at file:///C:/Users/38670/DEV_WEB/FREESPORT/frontend/node_modules/@vitest/runner/dist/index.js:1240:20\n    at new Promise (<anonymous>)\n    at runWithTimeout (file:///C:/Users/38670/DEV_WEB/FREESPORT/frontend/node_modules/@vitest/runner/dist/index.js:1206:10)\n    at file:///C:/Users/38670/DEV_WEB/FREESPORT/frontend/node_modules/@vitest/runner/dist/index.js:1650:37\n    at Traces.$ (file:///C:/Users/38670/DEV_WEB/FREESPORT/frontend/node_modules/vitest/dist/chunks/traces.U4xDYhzZ.js:115:27)\n    at trace (file:///C:/Users/38670/DEV_WEB/FREESPORT/frontend/node_modules/vitest/dist/chunks/test.BT8LKgU9.js:239:21)"
          ],
          "meta": {}
        },
        {
          "ancestorTitles": ["CategoriesSection"],
          "fullName": "CategoriesSection has mobile carousel layout (hidden on desktop)",
          "status": "failed",
          "title": "has mobile carousel layout (hidden on desktop)",
          "duration": 1023.7426999999989,
          "failureMessages": [
            "Error: Found multiple elements with the text: ╨б╨┐╨╛╤А╤В╨╕╨▓╨╜╤Л╨╡ ╨╕╨│╤А╤Л\n\nHere are the matching elements:\n\nIgnored nodes: comments, script, style\n\u001b[36m<h3\u001b[39m\n  \u001b[33mclass\u001b[39m=\u001b[32m\"text-lg font-semibold text-text-primary text-center leading-tight\"\u001b[39m\n\u001b[36m>\u001b[39m\n  \u001b[0m╨б╨┐╨╛╤А╤В╨╕╨▓╨╜╤Л╨╡ ╨╕╨│╤А╤Л\u001b[0m\n\u001b[36m</h3>\u001b[39m\n\nIgnored nodes: comments, script, style\n\u001b[36m<h3\u001b[39m\n  \u001b[33mclass\u001b[39m=\u001b[32m\"text-base font-semibold text-text-primary text-center leading-tight\"\u001b[39m\n\u001b[36m>\u001b[39m\n  \u001b[0m╨б╨┐╨╛╤А╤В╨╕╨▓╨╜╤Л╨╡ ╨╕╨│╤А╤Л\u001b[0m\n\u001b[36m</h3>\u001b[39m\n\n(If this is intentional, then use the `*AllBy*` variant of the query (like `queryAllByText`, `getAllByText`, or `findAllByText`)).\n\nIgnored nodes: comments, script, style\n\u001b[36m<body>\u001b[39m\n  \u001b[36m<div>\u001b[39m\n    \u001b[36m<section\u001b[39m\n      \u001b[33maria-labelledby\u001b[39m=\u001b[32m\"categories-heading\"\u001b[39m\n      \u001b[33mclass\u001b[39m=\u001b[32m\"max-w-[1280px] mx-auto px-3 md:px-4 lg:px-6 mb-16\"\u001b[39m\n    \u001b[36m>\u001b[39m\n      \u001b[36m<h2\u001b[39m\n        \u001b[33mclass\u001b[39m=\u001b[32m\"text-3xl font-bold mb-8 text-text-primary\"\u001b[39m\n        \u001b[33mid\u001b[39m=\u001b[32m\"categories-heading\"\u001b[39m\n      \u001b[36m>\u001b[39m\n        \u001b[0m╨Я╨╛╨┐╤Г╨╗╤П╤А╨╜╤Л╨╡ ╨║╨░╤В╨╡╨│╨╛╤А╨╕╨╕\u001b[0m\n      \u001b[36m</h2>\u001b[39m\n      \u001b[36m<div\u001b[39m\n        \u001b[33mclass\u001b[39m=\u001b[32m\"hidden lg:block space-y-6\"\u001b[39m\n      \u001b[36m>\u001b[39m\n        \u001b[36m<div\u001b[39m\n          \u001b[33mclass\u001b[39m=\u001b[32m\"grid gap-6 grid-cols-3\"\u001b[39m\n          \u001b[33mrole\u001b[39m=\u001b[32m\"list\"\u001b[39m\n        \u001b[36m>\u001b[39m\n          \u001b[36m<div\u001b[39m\n            \u001b[33mrole\u001b[39m=\u001b[32m\"listitem\"\u001b[39m\n          \u001b[36m>\u001b[39m\n            \u001b[36m<a\u001b[39m\n              \u001b[33mclass\u001b[39m=\u001b[32m\"\n        block bg-white rounded-lg shadow-default hover:shadow-hover \n        transition-all duration-300 hover:scale-[1.02]\n        h-32 flex items-center justify-center p-4\n      \"\u001b[39m\n              \u001b[33mhref\u001b[39m=\u001b[32m\"/catalog/sportivnye-igry\"\u001b[39m\n            \u001b[36m>\u001b[39m\n              \u001b[36m<h3\u001b[39m\n                \u001b[33mclass\u001b[39m=\u001b[32m\"text-lg font-semibold text-text-primary text-center leading-tight\"\u001b[39m\n              \u001b[36m>\u001b[39m\n                \u001b[0m╨б╨┐╨╛╤А╤В╨╕╨▓╨╜╤Л╨╡ ╨╕╨│╤А╤Л\u001b[0m\n              \u001b[36m</h3>\u001b[39m\n            \u001b[36m</a>\u001b[39m\n          \u001b[36m</div>\u001b[39m\n          \u001b[36m<div\u001b[39m\n            \u001b[33mrole\u001b[39m=\u001b[32m\"listitem\"\u001b[39m\n          \u001b[36m>\u001b[39m\n            \u001b[36m<a\u001b[39m\n              \u001b[33mclass\u001b[39m=\u001b[32m\"\n        block bg-white rounded-lg shadow-default hover:shadow-hover \n        transition-all duration-300 hover:scale-[1.02]\n        h-32 flex items-center justify-center p-4\n      \"\u001b[39m\n              \u001b[33mhref\u001b[39m=\u001b[32m\"/catalog/fitnes-i-atletika\"\u001b[39m\n            \u001b[36m>\u001b[39m\n              \u001b[36m<h3\u001b[39m\n                \u001b[33mclass\u001b[39m=\u001b[32m\"text-lg font-semibold text-text-primary text-center leading-tight\"\u001b[39m\n              \u001b[36m>\u001b[39m\n                \u001b[0m╨д╨╕╤В╨╜╨╡╤Б ╨╕ ╨░╤В╨╗╨╡╤В╨╕╨║╨░\u001b[0m\n              \u001b[36m</h3>\u001b[39m\n            \u001b[36m</a>\u001b[39m\n          \u001b[36m</div>\u001b[39m\n          \u001b[36m<div\u001b[39m\n            \u001b[33mrole\u001b[39m=\u001b[32m\"listitem\"\u001b[39m\n          \u001b[36m>\u001b[39m\n            \u001b[36m<a\u001b[39m\n              \u001b[33mclass\u001b[39m=\u001b[32m\"\n        block bg-white rounded-lg shadow-default hover:shadow-hover \n        transition-all duration-300 hover:scale-[1.02]\n        h-32 flex items-center justify-center p-4\n      \"\u001b[39m\n              \u001b[33mhref\u001b[39m=\u001b[32m\"/catalog/gimnastika-i-tantsy\"\u001b[39m\n            \u001b[36m>\u001b[39m\n              \u001b[36m<h3\u001b[39m\n                \u001b[33mclass\u001b[39m=\u001b[32m\"text-lg font-semibold text-text-primary text-center leading-tight\"\u001b[39m\n              \u001b[36m>\u001b[39m\n                \u001b[0m╨У╨╕╨╝╨╜╨░╤Б╤В╨╕╨║╨░ ╨╕ ╤В╨░╨╜╤Ж╤Л\u001b[0m\n              \u001b[36m</h3>\u001b[39m\n            \u001b[36m</a>\u001b[39m\n          \u001b[36m</div>\u001b[39m\n        \u001b[36m</div>\u001b[39m\n        \u001b[36m<div\u001b[39m\n          \u001b[33mclass\u001b[39m=\u001b[32m\"grid gap-6 grid-cols-4\"\u001b[39m\n          \u001b[33mrole\u001b[39m=\u001b[32m\"list\"\u001b[39m\n        \u001b[36m>\u001b[39m\n          \u001b[36m<div\u001b[39m\n            \u001b[33mrole\u001b[39m=\u001b[32m\"listitem\"\u001b[39m\n          \u001b[36m>\u001b[39m\n            \u001b[36m<a\u001b[39m\n              \u001b[33mclass\u001b[39m=\u001b[32m\"\n        block bg-white rounded-lg shadow-default hover:shadow-hover \n        transition-all duration-300 hover:scale-[1.02]\n        h-28 flex items-center justify-center p-4\n      \"\u001b[39m\n              \u001b[33mhref\u001b[39m=\u001b[32m\"/catalog/plavanie\"\u001b[39m\n            \u001b[36m>\u001b[39m\n              \u001b[36m<h3\u001b[39m\n                \u001b[33mclass\u001b[39m=\u001b[32m\"text-lg font-semibold text-text-primary text-center leading-tight\"\u001b[39m\n              \u001b[36m>\u001b[39m\n                \u001b[0m╨Я╨╗╨░╨▓╨░╨╜╨╕╨╡\u001b[0m\n              \u001b[36m</h3>\u001b[39m\n            \u001b[36m</a>\u001b[39m\n          \u001b[36m</div>\u001b[39m\n          \u001b[36m<div\u001b[39m\n            \u001b[33mrole\u001b[39m=\u001b[32m\"listitem\"\u001b[39m\n          \u001b[36m>\u001b[39m\n            \u001b[36m<a\u001b[39m\n              \u001b[33mclass\u001b[39m=\u001b[32m\"\n        block bg-white rounded-lg shadow-default hover:shadow-hover \n        transition-all duration-300 hover:scale-[1.02]\n        h-28 flex items-center justify-center p-4\n      \"\u001b[39m\n              \u001b[33mhref\u001b[39m=\u001b[32m\"/catalog/edinoborstva\"\u001b[39m\n            \u001b[36m>\u001b[39m\n              \u001b[36m<h3\u001b[39m\n                \u001b[33mclass\u001b[39m=\u001b[32m\"text-lg font-semibold text-text-primary text-center leading-tight\"\u001b[39m\n              \u001b[36m>\u001b[39m\n                \u001b[0m╨Х╨┤╨╕╨╜╨╛╨▒╨╛╤А╤Б╤В╨▓╨░\u001b[0m\n              \u001b[36m</h3>\u001b[39m\n            \u001b[36m</a>\u001b[39m\n          \u001b[36m</div>\u001b[39m\n          \u001b[36m<div\u001b[39m\n            \u001b[33mrole\u001b[39m=\u001b[32m\"listitem\"\u001b[39m\n          \u001b[36m>\u001b[39m\n            \u001b[36m<a\u001b[39m\n              \u001b[33mclass\u001b[39m=\u001b[32m\"\n        block bg-white rounded-lg shadow-default hover:shadow-hover \n        transition-all duration-300 hover:scale-[1.02]\n        h-28 flex items-center justify-center p-4\n      \"\u001b[39m\n              \u001b[33mhref\u001b[39m=\u001b[32m\"/catalog/detskiy-transport\"\u001b[39m\n            \u001b[36m>\u001b[39m\n              \u001b[36m<h3\u001b[39m\n                \u001b[33mclass\u001b[39m=\u001b[32m\"text-lg font-semibold text-text-primary text-center leading-tight\"\u001b[39m\n              \u001b[36m>\u001b[39m\n                \u001b[0m╨Ф╨╡╤В╤Б╨║╨╕╨╣ ╤В╤А╨░╨╜╤Б╨┐╨╛╤А╤В\u001b[0m\n              \u001b[36m</h3>\u001b[39m\n            \u001b[36m</a>\u001b[39m\n          \u001b[36m</div>\u001b[39m\n          \u001b[36m<div\u001b[39m\n            \u001b[33mrole\u001b[39m=\u001b[32m\"listitem\"\u001b[39m\n          \u001b[36m>\u001b[39m\n            \u001b[36m<a\u001b[39m\n              \u001b[33mclass\u001b[39m=\u001b[32m\"\n        block bg-white rounded-lg shadow-default hover:shadow-hover \n        transition-all duration-300 hover:scale-[1.02]\n        h-28 flex items-center justify-center p-4\n      \"\u001b[39m\n              \u001b[33mhref\u001b[39m=\u001b[32m\"/catalog/oborudovanie\"\u001b[39m\n            \u001b[36m>\u001b[39m\n              \u001b[36m<h3\u001b[39m\n                \u001b[33mclass\u001b[39m=\u001b[32m\"text-lg font-semibold text-text-primary text-center leading-tight\"\u001b[39m\n              \u001b[36m>\u001b[39m\n                \u001b[0m╨Ю╨▒╨╛╤А╤Г╨┤╨╛╨▓╨░╨╜╨╕╨╡\u001b[0m\n              \u001b[36m</h3>\u001b[39m\n            \u001b[36m</a>\u001b[39m\n          \u001b[36m</div>\u001b[39m\n        \u001b[36m</div>\u001b[39m\n      \u001b[36m</div>\u001b[39m\n      \u001b[36m<div\u001b[39m\n        \u001b[33mclass\u001b[39m=\u001b[32m\"lg:hidden\"\u001b[39m\n      \u001b[36m>\u001b[39m\n        \u001b[36m<div\u001b[39m\n          \u001b[33mclass\u001b[39m=\u001b[32m\"flex gap-4 overflow-x-auto pb-4 -mx-3 px-3\"\u001b[39m\n          \u001b[33mrole\u001b[39m=\u001b[32m\"list\"\u001b[39m\n        \u001b[36m>\u001b[39m\n          \u001b[36m<a\u001b[39m\n            \u001b[33mclass\u001b[39m=\u001b[32m\"\n                    flex-shrink-0 w-[200px] h-24\n                    bg-white rounded-lg shadow-default hover:shadow-hover \n                    transition-all duration-300\n                    flex items-center justify-center p-4\n                  \"\u001b[39m\n            \u001b[33mhref\u001b[39m=\u001b[32m\"/catalog/sportivnye-igry\"\u001b[39m\n            \u001b[33mrole\u001b[39m=\u001b[32m\"listitem\"\u001b[39m\n          \u001b[36m>\u001b[39m\n            \u001b[36m<h3\u001b[39m\n              \u001b[33mclass\u001b[39m=\u001b[32m\"text-base font-semibold text-text-primary text-center leading-tight\"\u001b[39m\n            \u001b[36m>\u001b[39m\n              \u001b[0m╨б╨┐╨╛╤А╤В╨╕╨▓╨╜╤Л╨╡ ╨╕╨│╤А╤Л\u001b[0m\n            \u001b[36m</h3>\u001b[39m\n          \u001b[36m</a>\u001b[39m\n          \u001b[36m<a\u001b[39m\n            \u001b[33mclass\u001b[39m=\u001b[32m\"\n                    flex-shrink-0 w-[200px] h-24\n                    bg-white rounded-lg shadow-default hover:shadow-hover \n                    transition-all duration-300\n                    flex items-center justify-center p-4\n                  \"\u001b[39m\n            \u001b[33mhref\u001b[39m=\u001b[32m\"/catalog/fitnes-i-atletika\"\u001b[39m\n            \u001b[33mrole\u001b[39m=\u001b[32m\"listitem\"\u001b[39m\n          \u001b[36m>\u001b[39m\n            \u001b[36m<h3\u001b[39m\n              \u001b[33mclass\u001b[39m=\u001b[32m\"text-base font-semibold text-text-primary text-center leading-tight\"\u001b[39m\n            \u001b[36m>\u001b[39m\n              \u001b[0m╨д╨╕╤В╨╜╨╡╤Б ╨╕ ╨░╤В╨╗╨╡╤В╨╕╨║╨░\u001b[0m\n            \u001b[36m</h3>\u001b[39m\n          \u001b[36m</a>\u001b[39m\n          \u001b[36m<a\u001b[39m\n            \u001b[33mclass\u001b[39m=\u001b[32m\"\n                    flex-shrink-0 w-[200px] h-24\n                    bg-white rounded-lg shadow-default hover:shadow-hover \n                    transition-all duration-300\n                    flex items-center justify-center p-4\n                  \"\u001b[39m\n            \u001b[33mhref\u001b[39m=\u001b[32m\"/catalog/gimnastika-i-tantsy\"\u001b[39m\n            \u001b[33mrole\u001b[39m=\u001b[32m\"listitem\"\u001b[39m\n          \u001b[36m>\u001b[39m\n            \u001b[36m<h3\u001b[39m\n              \u001b[33mclass\u001b[39m=\u001b[32m\"text-base font-semibold text-text-primary text-center leading-tight\"\u001b[39m\n            \u001b[36m>\u001b[39m\n              \u001b[0m╨У╨╕╨╝╨╜╨░╤Б╤В╨╕╨║╨░ ╨╕ ╤В╨░╨╜╤Ж╤Л\u001b[0m\n            \u001b[36m</h3>\u001b[39m\n          \u001b[36m</a>\u001b[39m\n          \u001b[36m<a\u001b[39m\n            \u001b[33mclass\u001b[39m=\u001b[32m\"\n                    flex-shrink-0 w-[200px] h-24\n                    bg-white rounded-lg shadow-default hover:shadow-hover \n                    transition-all duration-300\n                    flex items-center justify-center p-4\n                  \"\u001b[39m\n            \u001b[33mhref\u001b[39m=\u001b[32m\"/catalog/plavanie\"\u001b[39m\n            \u001b[33mrole\u001b[39m=\u001b[32m\"listitem\"\u001b[39m\n          \u001b[36m>\u001b[39m\n            \u001b[36m<h3\u001b[39m\n              \u001b[33mclass\u001b[39m=\u001b[32m\"text-base font-semibold text-text-primary text-center leading-tight\"\u001b[39m\n            \u001b[36m>\u001b[39m\n              \u001b[0m╨Я╨╗╨░╨▓╨░╨╜╨╕╨╡\u001b[0m\n            \u001b[36m</h3>\u001b[39m\n          \u001b[36m</a>\u001b[39m\n          \u001b[36m<a\u001b[39m\n            \u001b[33mclass\u001b[39m=\u001b[32m\"\n                    flex-shrink-0 w-[200px] h-24\n                    bg-white rounded-lg shadow-default hover:shadow-hover \n                    transition-all duration-300\n                    flex items-center justify-center p-4\n                  \"\u001b[39m\n            \u001b[33mhref\u001b[39m=\u001b[32m\"/catalog/edinoborstva\"\u001b[39m\n            \u001b[33mrole\u001b[39m=\u001b[32m\"listitem\"\u001b[39m\n          \u001b[36m>\u001b[39m\n            \u001b[36m<h3\u001b[39m\n              \u001b[33mclass\u001b[39m=\u001b[32m\"text-base font-semibold text-text-primary text-center leading-tight\"\u001b[39m\n            \u001b[36m>\u001b[39m\n              \u001b[0m╨Х╨┤╨╕╨╜╨╛╨▒╨╛╤А╤Б╤В╨▓╨░\u001b[0m\n            \u001b[36m</h3>\u001b[39m\n          \u001b[36m</a>\u001b[39m\n          \u001b[36m<a\u001b[39m\n            \u001b[33mclass\u001b[39m=\u001b[32m\"\n                    flex-shrink-0 w-[200px] h-24\n                    bg-white rounded-lg shadow-default hover:shadow-hover \n                    transition-all duration-300\n                    flex items-center justify-center p-4\n                  \"\u001b[39m\n            \u001b[33mhref\u001b[39m=\u001b[32m\"/catalog/detskiy-transport\"\u001b[39m\n            \u001b[33mrole\u001b[39m=\u001b[32m\"listitem\"\u001b[39m\n          \u001b[36m>\u001b[39m\n            \u001b[36m<h3\u001b[39m\n              \u001b[33mclass\u001b[39m=\u001b[32m\"text-base font-semibold text-text-primary text-center leading-tight\"\u001b[39m\n            \u001b[36m>\u001b[39m\n              \u001b[0m╨Ф╨╡╤В╤Б╨║╨╕╨╣ ╤В╤А╨░╨╜╤Б╨┐╨╛╤А╤В\u001b[0m\n            \u001b[36m</h3>\u001b[39m\n          \u001b[36m</a>\u001b[39m\n          \u001b[36m<a\u001b[39m\n            \u001b[33mclass\u001b[39m=\u001b[32m\"\n                    flex-shrink-0 w-[200px] h-24\n                    bg-white rounded-lg shadow-default hover:shadow-hover \n                    transition-all duration-300\n                    flex items-center justify-center p-4\n                  \"\u001b[39m\n            \u001b[33mhref\u001b[39m=\u001b[32m\"/catalog/oborudovanie\"\u001b[39m\n            \u001b[33mrole\u001b[39m=\u001b[32m\"listitem\"\u001b[39m\n          \u001b[36m>\u001b[39m\n            \u001b[36m<h3\u001b[39m\n              \u001b[33mclass\u001b[39m=\u001b[32m\"text-base font-semibold text-text-primary text-center leading-tight\"\u001b[39m\n            \u001b[36m>\u001b[39m\n              \u001b[0m╨Ю╨▒╨╛╤А╤Г╨┤╨╛╨▓╨░╨╜╨╕╨╡\u001b[0m\n            \u001b[36m</h3>\u001b[39m\n          \u001b[36m</a>\u001b[39m\n        \u001b[36m</div>\u001b[39m\n      \u001b[36m</div>\u001b[39m\n    \u001b[36m</section>\u001b[39m\n  \u001b[36m</div>\u001b[39m\n\u001b[36m</body>\u001b[39m\n    at waitForWrapper (C:\\Users\\38670\\DEV_WEB\\FREESPORT\\frontend\\node_modules\\@testing-library\\dom\\dist\\wait-for.js:163:27)\n    at C:/Users/38670/DEV_WEB/FREESPORT/frontend/src/components/home/__tests__/CategoriesSection.test.tsx:203:11\n    at file:///C:/Users/38670/DEV_WEB/FREESPORT/frontend/node_modules/@vitest/runner/dist/index.js:145:11\n    at file:///C:/Users/38670/DEV_WEB/FREESPORT/frontend/node_modules/@vitest/runner/dist/index.js:915:26\n    at file:///C:/Users/38670/DEV_WEB/FREESPORT/frontend/node_modules/@vitest/runner/dist/index.js:1240:20\n    at new Promise (<anonymous>)\n    at runWithTimeout (file:///C:/Users/38670/DEV_WEB/FREESPORT/frontend/node_modules/@vitest/runner/dist/index.js:1206:10)\n    at file:///C:/Users/38670/DEV_WEB/FREESPORT/frontend/node_modules/@vitest/runner/dist/index.js:1650:37\n    at Traces.$ (file:///C:/Users/38670/DEV_WEB/FREESPORT/frontend/node_modules/vitest/dist/chunks/traces.U4xDYhzZ.js:115:27)\n    at trace (file:///C:/Users/38670/DEV_WEB/FREESPORT/frontend/node_modules/vitest/dist/chunks/test.BT8LKgU9.js:239:21)"
          ],
          "meta": {}
        }
      ],
      "startTime": 1768252024673,
      "endTime": 1768252040016.7427,
      "status": "failed",
      "message": "",
      "name": "C:/Users/38670/DEV_WEB/FREESPORT/frontend/src/components/home/__tests__/CategoriesSection.test.tsx"
    }
  ]
}
